04:59:10 ############### experiments setting ###############
04:59:10 {'db_path': '../Dataset', 'baseline_path': 'AD_Baseline', 'source': 'amazon', 'target': 'webcam', 'workers': 4, 'gpu': '0', 'epochs': 200, 'batch_size': 64, 'lr': 0.001, 'l2_decay': 0.01, 'momentum': 0.9, 'nesterov': False}
04:59:10 ###################################################
04:59:12 ### epoch : 0 ###
04:59:15 (train) class loss : 3.4907 domain loss : 0.0000 train time: 3.25s
04:59:16 (eval) test accuracy: 1.13% eval time: 1.19s 
04:59:16 ### epoch : 1 ###
04:59:18 (train) class loss : 3.4486 domain loss : 0.0000 train time: 2.35s
04:59:19 (eval) test accuracy: 4.40% eval time: 1.15s 
04:59:19 ### epoch : 2 ###
04:59:22 (train) class loss : 3.3952 domain loss : 0.0000 train time: 2.37s
04:59:23 (eval) test accuracy: 5.66% eval time: 1.21s 
04:59:23 ### epoch : 3 ###
04:59:25 (train) class loss : 3.3820 domain loss : 0.0000 train time: 2.34s
04:59:27 (eval) test accuracy: 3.27% eval time: 1.13s 
04:59:27 ### epoch : 4 ###
04:59:29 (train) class loss : 3.3831 domain loss : 0.0000 train time: 2.29s
04:59:30 (eval) test accuracy: 1.51% eval time: 1.17s 
04:59:30 ### epoch : 5 ###
04:59:32 (train) class loss : 3.3140 domain loss : 0.0000 train time: 2.30s
04:59:33 (eval) test accuracy: 4.03% eval time: 1.14s 
04:59:33 ### epoch : 6 ###
04:59:36 (train) class loss : 3.2976 domain loss : 0.0000 train time: 2.30s
04:59:37 (eval) test accuracy: 1.76% eval time: 1.12s 
04:59:37 ### epoch : 7 ###
04:59:39 (train) class loss : 3.3116 domain loss : 0.0000 train time: 2.32s
04:59:40 (eval) test accuracy: 6.79% eval time: 1.13s 
04:59:40 ### epoch : 8 ###
04:59:43 (train) class loss : 3.3078 domain loss : 0.0000 train time: 2.33s
04:59:44 (eval) test accuracy: 6.16% eval time: 1.12s 
04:59:44 ### epoch : 9 ###
04:59:46 (train) class loss : 3.2761 domain loss : 0.0000 train time: 2.33s
04:59:47 (eval) test accuracy: 3.02% eval time: 1.14s 
04:59:47 ### epoch : 10 ###
04:59:50 (train) class loss : 3.2827 domain loss : 0.0000 train time: 2.31s
04:59:51 (eval) test accuracy: 5.91% eval time: 1.14s 
04:59:51 ### epoch : 11 ###
04:59:53 (train) class loss : 3.2556 domain loss : 0.0000 train time: 2.28s
04:59:54 (eval) test accuracy: 4.53% eval time: 1.15s 
04:59:54 ### epoch : 12 ###
04:59:56 (train) class loss : 3.2781 domain loss : 0.0000 train time: 2.32s
04:59:58 (eval) test accuracy: 3.90% eval time: 1.11s 
04:59:58 ### epoch : 13 ###
05:00:00 (train) class loss : 3.3007 domain loss : 0.0000 train time: 2.31s
05:00:01 (eval) test accuracy: 3.27% eval time: 1.12s 
05:00:01 ### epoch : 14 ###
05:00:03 (train) class loss : 3.2873 domain loss : 0.0000 train time: 2.32s
05:00:04 (eval) test accuracy: 3.52% eval time: 1.12s 
05:00:04 ### epoch : 15 ###
05:00:07 (train) class loss : 3.2641 domain loss : 0.0000 train time: 2.35s
05:00:08 (eval) test accuracy: 6.04% eval time: 1.11s 
05:00:08 ### epoch : 16 ###
05:00:10 (train) class loss : 3.2364 domain loss : 0.0000 train time: 2.31s
05:00:11 (eval) test accuracy: 4.78% eval time: 1.13s 
05:00:11 ### epoch : 17 ###
05:00:14 (train) class loss : 3.2781 domain loss : 0.0000 train time: 2.33s
05:00:15 (eval) test accuracy: 3.52% eval time: 1.13s 
05:00:15 ### epoch : 18 ###
05:00:17 (train) class loss : 3.2484 domain loss : 0.0000 train time: 2.33s
05:00:18 (eval) test accuracy: 3.40% eval time: 1.14s 
05:00:18 ### epoch : 19 ###
05:00:21 (train) class loss : 3.2427 domain loss : 0.0000 train time: 2.29s
05:00:22 (eval) test accuracy: 3.65% eval time: 1.10s 
05:00:22 ### epoch : 20 ###
05:00:24 (train) class loss : 3.2226 domain loss : 0.0000 train time: 2.30s
05:00:25 (eval) test accuracy: 5.28% eval time: 1.13s 
05:00:25 ### epoch : 21 ###
05:00:27 (train) class loss : 3.2271 domain loss : 0.0000 train time: 2.32s
05:00:28 (eval) test accuracy: 4.15% eval time: 1.12s 
05:00:28 ### epoch : 22 ###
05:00:31 (train) class loss : 3.2675 domain loss : 0.0000 train time: 2.29s
05:00:32 (eval) test accuracy: 6.29% eval time: 1.13s 
05:00:32 ### epoch : 23 ###
05:00:34 (train) class loss : 3.2149 domain loss : 0.0000 train time: 2.31s
05:00:35 (eval) test accuracy: 4.28% eval time: 1.12s 
05:00:35 ### epoch : 24 ###
05:00:38 (train) class loss : 3.2378 domain loss : 0.0000 train time: 2.30s
05:00:39 (eval) test accuracy: 4.15% eval time: 1.10s 
05:00:39 ### epoch : 25 ###
05:00:41 (train) class loss : 3.2415 domain loss : 0.0000 train time: 2.30s
05:00:42 (eval) test accuracy: 1.89% eval time: 1.11s 
05:00:42 ### epoch : 26 ###
05:00:44 (train) class loss : 3.2272 domain loss : 0.0000 train time: 2.28s
05:00:46 (eval) test accuracy: 3.90% eval time: 1.10s 
05:00:46 ### epoch : 27 ###
05:00:48 (train) class loss : 3.2063 domain loss : 0.0000 train time: 2.29s
05:00:49 (eval) test accuracy: 5.28% eval time: 1.12s 
05:00:49 ### epoch : 28 ###
05:00:51 (train) class loss : 3.2085 domain loss : 0.0000 train time: 2.30s
05:00:52 (eval) test accuracy: 5.53% eval time: 1.10s 
05:00:52 ### epoch : 29 ###
05:00:55 (train) class loss : 3.2019 domain loss : 0.0000 train time: 2.33s
05:00:56 (eval) test accuracy: 5.79% eval time: 1.12s 
05:00:56 ### epoch : 30 ###
05:00:58 (train) class loss : 3.2067 domain loss : 0.0000 train time: 2.31s
05:00:59 (eval) test accuracy: 4.78% eval time: 1.09s 
05:00:59 ### epoch : 31 ###
05:01:02 (train) class loss : 3.2017 domain loss : 0.0000 train time: 2.31s
05:01:03 (eval) test accuracy: 5.28% eval time: 1.10s 
05:01:03 ### epoch : 32 ###
05:01:05 (train) class loss : 3.1764 domain loss : 0.0000 train time: 2.28s
05:01:06 (eval) test accuracy: 3.90% eval time: 1.13s 
05:01:06 ### epoch : 33 ###
05:01:08 (train) class loss : 3.1445 domain loss : 0.0000 train time: 2.34s
05:01:09 (eval) test accuracy: 4.03% eval time: 1.12s 
05:01:09 ### epoch : 34 ###
05:01:12 (train) class loss : 3.2166 domain loss : 0.0000 train time: 2.30s
05:01:13 (eval) test accuracy: 4.78% eval time: 1.10s 
05:01:13 ### epoch : 35 ###
05:01:15 (train) class loss : 3.2054 domain loss : 0.0000 train time: 2.25s
05:01:16 (eval) test accuracy: 4.78% eval time: 1.11s 
05:01:16 ### epoch : 36 ###
05:01:19 (train) class loss : 3.2034 domain loss : 0.0000 train time: 2.31s
05:01:20 (eval) test accuracy: 4.28% eval time: 1.11s 
05:01:20 ### epoch : 37 ###
05:01:22 (train) class loss : 3.2086 domain loss : 0.0000 train time: 2.32s
05:01:23 (eval) test accuracy: 3.40% eval time: 1.10s 
05:01:23 ### epoch : 38 ###
05:01:25 (train) class loss : 3.1899 domain loss : 0.0000 train time: 2.32s
05:01:27 (eval) test accuracy: 3.02% eval time: 1.14s 
05:01:27 ### epoch : 39 ###
05:01:29 (train) class loss : 3.2253 domain loss : 0.0000 train time: 2.29s
05:01:30 (eval) test accuracy: 4.91% eval time: 1.14s 
05:01:30 ### epoch : 40 ###
05:01:32 (train) class loss : 3.1874 domain loss : 0.0000 train time: 2.29s
05:01:33 (eval) test accuracy: 4.53% eval time: 1.12s 
05:01:33 ### epoch : 41 ###
05:01:36 (train) class loss : 3.1851 domain loss : 0.0000 train time: 2.31s
05:01:37 (eval) test accuracy: 4.65% eval time: 1.12s 
05:01:37 ### epoch : 42 ###
05:01:39 (train) class loss : 3.1673 domain loss : 0.0000 train time: 2.32s
05:01:40 (eval) test accuracy: 5.79% eval time: 1.11s 
05:01:40 ### epoch : 43 ###
05:01:43 (train) class loss : 3.1666 domain loss : 0.0000 train time: 2.30s
05:01:44 (eval) test accuracy: 4.78% eval time: 1.15s 
05:01:44 ### epoch : 44 ###
05:01:46 (train) class loss : 3.1518 domain loss : 0.0000 train time: 2.30s
05:01:47 (eval) test accuracy: 3.65% eval time: 1.12s 
05:01:47 ### epoch : 45 ###
05:01:49 (train) class loss : 3.1542 domain loss : 0.0000 train time: 2.31s
05:01:51 (eval) test accuracy: 5.66% eval time: 1.10s 
05:01:51 ### epoch : 46 ###
05:01:53 (train) class loss : 3.2024 domain loss : 0.0000 train time: 2.27s
05:01:54 (eval) test accuracy: 4.28% eval time: 1.11s 
05:01:54 ### epoch : 47 ###
05:01:56 (train) class loss : 3.1658 domain loss : 0.0000 train time: 2.28s
05:01:57 (eval) test accuracy: 4.53% eval time: 1.09s 
05:01:57 ### epoch : 48 ###
05:02:00 (train) class loss : 3.1607 domain loss : 0.0000 train time: 2.27s
05:02:01 (eval) test accuracy: 4.03% eval time: 1.11s 
05:02:01 ### epoch : 49 ###
05:02:03 (train) class loss : 3.1595 domain loss : 0.0000 train time: 2.30s
05:02:04 (eval) test accuracy: 4.91% eval time: 1.13s 
05:02:04 ### epoch : 50 ###
05:02:06 (train) class loss : 3.1847 domain loss : 0.0000 train time: 2.32s
05:02:08 (eval) test accuracy: 4.53% eval time: 1.12s 
05:02:08 ### epoch : 51 ###
05:02:10 (train) class loss : 3.1402 domain loss : 0.0000 train time: 2.30s
05:02:11 (eval) test accuracy: 3.77% eval time: 1.11s 
05:02:11 ### epoch : 52 ###
05:02:13 (train) class loss : 3.1983 domain loss : 0.0000 train time: 2.30s
05:02:14 (eval) test accuracy: 3.65% eval time: 1.13s 
05:02:14 ### epoch : 53 ###
05:02:17 (train) class loss : 3.1358 domain loss : 0.0000 train time: 2.28s
05:02:18 (eval) test accuracy: 3.65% eval time: 1.08s 
05:02:18 ### epoch : 54 ###
05:02:20 (train) class loss : 3.1733 domain loss : 0.0000 train time: 2.28s
05:02:21 (eval) test accuracy: 4.53% eval time: 1.10s 
05:02:21 ### epoch : 55 ###
05:02:23 (train) class loss : 3.1254 domain loss : 0.0000 train time: 2.33s
05:02:25 (eval) test accuracy: 5.41% eval time: 1.13s 
05:02:25 ### epoch : 56 ###
05:02:27 (train) class loss : 3.1709 domain loss : 0.0000 train time: 2.31s
05:02:28 (eval) test accuracy: 5.28% eval time: 1.11s 
05:02:28 ### epoch : 57 ###
05:02:30 (train) class loss : 3.1371 domain loss : 0.0000 train time: 2.29s
05:02:31 (eval) test accuracy: 5.91% eval time: 1.11s 
05:02:31 ### epoch : 58 ###
05:02:34 (train) class loss : 3.1199 domain loss : 0.0000 train time: 2.27s
05:02:35 (eval) test accuracy: 5.28% eval time: 1.13s 
05:02:35 ### epoch : 59 ###
05:02:37 (train) class loss : 3.1461 domain loss : 0.0000 train time: 2.32s
05:02:38 (eval) test accuracy: 4.91% eval time: 1.11s 
05:02:38 ### epoch : 60 ###
05:02:41 (train) class loss : 3.1572 domain loss : 0.0000 train time: 2.34s
05:02:42 (eval) test accuracy: 5.03% eval time: 1.11s 
05:02:42 ### epoch : 61 ###
05:02:44 (train) class loss : 3.1879 domain loss : 0.0000 train time: 2.33s
05:02:45 (eval) test accuracy: 4.03% eval time: 1.11s 
05:02:45 ### epoch : 62 ###
05:02:47 (train) class loss : 3.1331 domain loss : 0.0000 train time: 2.31s
05:02:49 (eval) test accuracy: 4.53% eval time: 1.11s 
05:02:49 ### epoch : 63 ###
05:02:51 (train) class loss : 3.1730 domain loss : 0.0000 train time: 2.29s
05:02:52 (eval) test accuracy: 4.65% eval time: 1.11s 
05:02:52 ### epoch : 64 ###
05:02:54 (train) class loss : 3.2146 domain loss : 0.0000 train time: 2.30s
05:02:55 (eval) test accuracy: 4.15% eval time: 1.13s 
05:02:55 ### epoch : 65 ###
05:02:58 (train) class loss : 3.1507 domain loss : 0.0000 train time: 2.30s
05:02:59 (eval) test accuracy: 4.40% eval time: 1.12s 
05:02:59 ### epoch : 66 ###
05:03:01 (train) class loss : 3.1120 domain loss : 0.0000 train time: 2.32s
05:03:02 (eval) test accuracy: 5.03% eval time: 1.18s 
05:03:02 ### epoch : 67 ###
05:03:05 (train) class loss : 3.1706 domain loss : 0.0000 train time: 2.30s
05:03:06 (eval) test accuracy: 4.78% eval time: 1.12s 
05:03:06 ### epoch : 68 ###
05:03:08 (train) class loss : 3.1052 domain loss : 0.0000 train time: 2.28s
05:03:09 (eval) test accuracy: 4.28% eval time: 1.11s 
05:03:09 ### epoch : 69 ###
05:03:11 (train) class loss : 3.1381 domain loss : 0.0000 train time: 2.30s
05:03:13 (eval) test accuracy: 5.79% eval time: 1.11s 
05:03:13 ### epoch : 70 ###
05:03:15 (train) class loss : 3.1664 domain loss : 0.0000 train time: 2.31s
05:03:16 (eval) test accuracy: 5.03% eval time: 1.13s 
05:03:16 ### epoch : 71 ###
05:03:18 (train) class loss : 3.1718 domain loss : 0.0000 train time: 2.32s
05:03:19 (eval) test accuracy: 4.91% eval time: 1.12s 
05:03:19 ### epoch : 72 ###
05:03:22 (train) class loss : 3.1495 domain loss : 0.0000 train time: 2.33s
05:03:23 (eval) test accuracy: 5.41% eval time: 1.12s 
05:03:23 ### epoch : 73 ###
05:03:25 (train) class loss : 3.1845 domain loss : 0.0000 train time: 2.29s
05:03:26 (eval) test accuracy: 5.16% eval time: 1.09s 
05:03:26 ### epoch : 74 ###
05:03:29 (train) class loss : 3.1780 domain loss : 0.0000 train time: 2.31s
05:03:30 (eval) test accuracy: 3.40% eval time: 1.12s 
05:03:30 ### epoch : 75 ###
05:03:32 (train) class loss : 3.1096 domain loss : 0.0000 train time: 2.32s
05:03:33 (eval) test accuracy: 3.90% eval time: 1.10s 
05:03:33 ### epoch : 76 ###
05:03:35 (train) class loss : 3.1406 domain loss : 0.0000 train time: 2.33s
05:03:37 (eval) test accuracy: 4.78% eval time: 1.09s 
05:03:37 ### epoch : 77 ###
05:03:39 (train) class loss : 3.1063 domain loss : 0.0000 train time: 2.32s
05:03:40 (eval) test accuracy: 5.16% eval time: 1.12s 
05:03:40 ### epoch : 78 ###
05:03:42 (train) class loss : 3.1388 domain loss : 0.0000 train time: 2.30s
05:03:43 (eval) test accuracy: 5.16% eval time: 1.12s 
05:03:43 ### epoch : 79 ###
05:03:46 (train) class loss : 3.1009 domain loss : 0.0000 train time: 2.31s
05:03:47 (eval) test accuracy: 5.03% eval time: 1.11s 
05:03:47 ### epoch : 80 ###
05:03:49 (train) class loss : 3.1200 domain loss : 0.0000 train time: 2.29s
05:03:50 (eval) test accuracy: 5.28% eval time: 1.12s 
05:03:50 ### epoch : 81 ###
05:03:53 (train) class loss : 3.1246 domain loss : 0.0000 train time: 2.30s
05:03:54 (eval) test accuracy: 6.42% eval time: 1.12s 
05:03:54 ### epoch : 82 ###
05:03:56 (train) class loss : 3.1015 domain loss : 0.0000 train time: 2.31s
05:03:57 (eval) test accuracy: 5.53% eval time: 1.10s 
05:03:57 ### epoch : 83 ###
05:03:59 (train) class loss : 3.1406 domain loss : 0.0000 train time: 2.30s
05:04:00 (eval) test accuracy: 5.53% eval time: 1.10s 
05:04:00 ### epoch : 84 ###
05:04:03 (train) class loss : 3.1478 domain loss : 0.0000 train time: 2.33s
05:04:04 (eval) test accuracy: 4.91% eval time: 1.12s 
05:04:04 ### epoch : 85 ###
05:04:06 (train) class loss : 3.0999 domain loss : 0.0000 train time: 2.29s
05:04:07 (eval) test accuracy: 5.66% eval time: 1.12s 
05:04:07 ### epoch : 86 ###
05:04:10 (train) class loss : 3.1489 domain loss : 0.0000 train time: 2.28s
05:04:11 (eval) test accuracy: 4.65% eval time: 1.11s 
05:04:11 ### epoch : 87 ###
05:04:13 (train) class loss : 3.1541 domain loss : 0.0000 train time: 2.30s
05:04:14 (eval) test accuracy: 4.40% eval time: 1.13s 
05:04:14 ### epoch : 88 ###
05:04:16 (train) class loss : 3.0857 domain loss : 0.0000 train time: 2.29s
05:04:18 (eval) test accuracy: 5.79% eval time: 1.09s 
05:04:18 ### epoch : 89 ###
05:04:20 (train) class loss : 3.1099 domain loss : 0.0000 train time: 2.33s
05:04:21 (eval) test accuracy: 3.77% eval time: 1.12s 
05:04:21 ### epoch : 90 ###
05:04:23 (train) class loss : 3.1310 domain loss : 0.0000 train time: 2.28s
05:04:24 (eval) test accuracy: 3.52% eval time: 1.12s 
05:04:24 ### epoch : 91 ###
05:04:27 (train) class loss : 3.1064 domain loss : 0.0000 train time: 2.28s
05:04:28 (eval) test accuracy: 3.77% eval time: 1.11s 
05:04:28 ### epoch : 92 ###
05:04:30 (train) class loss : 3.1145 domain loss : 0.0000 train time: 2.31s
05:04:31 (eval) test accuracy: 4.91% eval time: 1.10s 
05:04:31 ### epoch : 93 ###
05:04:34 (train) class loss : 3.1432 domain loss : 0.0000 train time: 2.31s
05:04:35 (eval) test accuracy: 4.40% eval time: 1.09s 
05:04:35 ### epoch : 94 ###
05:04:37 (train) class loss : 3.1441 domain loss : 0.0000 train time: 2.33s
05:04:38 (eval) test accuracy: 4.40% eval time: 1.10s 
05:04:38 ### epoch : 95 ###
05:04:40 (train) class loss : 3.1705 domain loss : 0.0000 train time: 2.32s
05:04:41 (eval) test accuracy: 4.15% eval time: 1.09s 
05:04:41 ### epoch : 96 ###
05:04:44 (train) class loss : 3.0776 domain loss : 0.0000 train time: 2.33s
05:04:45 (eval) test accuracy: 5.41% eval time: 1.12s 
05:04:45 ### epoch : 97 ###
05:04:47 (train) class loss : 3.1427 domain loss : 0.0000 train time: 2.32s
05:04:48 (eval) test accuracy: 4.40% eval time: 1.13s 
05:04:48 ### epoch : 98 ###
05:04:51 (train) class loss : 3.1608 domain loss : 0.0000 train time: 2.29s
05:04:52 (eval) test accuracy: 4.28% eval time: 1.13s 
05:04:52 ### epoch : 99 ###
05:04:54 (train) class loss : 3.1922 domain loss : 0.0000 train time: 2.30s
05:04:55 (eval) test accuracy: 3.90% eval time: 1.12s 
05:04:55 ### epoch : 100 ###
05:04:57 (train) class loss : 3.1613 domain loss : 0.0000 train time: 2.30s
05:04:59 (eval) test accuracy: 5.28% eval time: 1.09s 
05:04:59 ### epoch : 101 ###
05:05:01 (train) class loss : 3.1259 domain loss : 0.0000 train time: 2.31s
05:05:02 (eval) test accuracy: 5.03% eval time: 1.11s 
05:05:02 ### epoch : 102 ###
05:05:04 (train) class loss : 3.1289 domain loss : 0.0000 train time: 2.33s
05:05:05 (eval) test accuracy: 4.65% eval time: 1.10s 
05:05:05 ### epoch : 103 ###
05:05:08 (train) class loss : 3.1004 domain loss : 0.0000 train time: 2.30s
05:05:09 (eval) test accuracy: 5.41% eval time: 1.10s 
05:05:09 ### epoch : 104 ###
05:05:11 (train) class loss : 3.0530 domain loss : 0.0000 train time: 2.29s
05:05:12 (eval) test accuracy: 6.04% eval time: 1.12s 
05:05:12 ### epoch : 105 ###
05:05:15 (train) class loss : 3.1406 domain loss : 0.0000 train time: 2.31s
05:05:16 (eval) test accuracy: 4.53% eval time: 1.13s 
05:05:16 ### epoch : 106 ###
05:05:18 (train) class loss : 3.1409 domain loss : 0.0000 train time: 2.28s
05:05:19 (eval) test accuracy: 4.65% eval time: 1.13s 
05:05:19 ### epoch : 107 ###
05:05:21 (train) class loss : 3.1332 domain loss : 0.0000 train time: 2.29s
05:05:23 (eval) test accuracy: 5.16% eval time: 1.13s 
05:05:23 ### epoch : 108 ###
05:05:25 (train) class loss : 3.1528 domain loss : 0.0000 train time: 2.31s
05:05:26 (eval) test accuracy: 4.40% eval time: 1.12s 
05:05:26 ### epoch : 109 ###
05:05:28 (train) class loss : 3.1258 domain loss : 0.0000 train time: 2.30s
05:05:29 (eval) test accuracy: 4.15% eval time: 1.13s 
05:05:29 ### epoch : 110 ###
05:05:32 (train) class loss : 3.1895 domain loss : 0.0000 train time: 2.32s
05:05:33 (eval) test accuracy: 4.91% eval time: 1.12s 
05:05:33 ### epoch : 111 ###
05:05:35 (train) class loss : 3.1249 domain loss : 0.0000 train time: 2.32s
05:05:36 (eval) test accuracy: 4.78% eval time: 1.10s 
05:05:36 ### epoch : 112 ###
05:05:39 (train) class loss : 3.0920 domain loss : 0.0000 train time: 2.33s
05:05:40 (eval) test accuracy: 4.91% eval time: 1.12s 
05:05:40 ### epoch : 113 ###
05:05:42 (train) class loss : 3.0706 domain loss : 0.0000 train time: 2.31s
05:05:43 (eval) test accuracy: 5.79% eval time: 1.13s 
05:05:43 ### epoch : 114 ###
05:05:45 (train) class loss : 3.1257 domain loss : 0.0000 train time: 2.29s
05:05:47 (eval) test accuracy: 4.91% eval time: 1.10s 
05:05:47 ### epoch : 115 ###
05:05:49 (train) class loss : 3.1211 domain loss : 0.0000 train time: 2.28s
05:05:50 (eval) test accuracy: 5.03% eval time: 1.14s 
05:05:50 ### epoch : 116 ###
05:05:52 (train) class loss : 3.1089 domain loss : 0.0000 train time: 2.28s
05:05:53 (eval) test accuracy: 4.78% eval time: 1.13s 
05:05:53 ### epoch : 117 ###
05:05:56 (train) class loss : 3.1322 domain loss : 0.0000 train time: 2.30s
05:05:57 (eval) test accuracy: 5.41% eval time: 1.12s 
05:05:57 ### epoch : 118 ###
05:05:59 (train) class loss : 3.1222 domain loss : 0.0000 train time: 2.31s
05:06:00 (eval) test accuracy: 4.28% eval time: 1.10s 
05:06:00 ### epoch : 119 ###
05:06:02 (train) class loss : 3.1129 domain loss : 0.0000 train time: 2.31s
05:06:04 (eval) test accuracy: 5.16% eval time: 1.10s 
05:06:04 ### epoch : 120 ###
05:06:06 (train) class loss : 3.1009 domain loss : 0.0000 train time: 2.31s
05:06:07 (eval) test accuracy: 5.16% eval time: 1.11s 
05:06:07 ### epoch : 121 ###
05:06:09 (train) class loss : 3.1556 domain loss : 0.0000 train time: 2.30s
05:06:10 (eval) test accuracy: 4.91% eval time: 1.11s 
05:06:10 ### epoch : 122 ###
05:06:13 (train) class loss : 3.1553 domain loss : 0.0000 train time: 2.27s
05:06:14 (eval) test accuracy: 4.91% eval time: 1.15s 
05:06:14 ### epoch : 123 ###
05:06:16 (train) class loss : 3.1597 domain loss : 0.0000 train time: 2.32s
05:06:17 (eval) test accuracy: 5.53% eval time: 1.11s 
05:06:17 ### epoch : 124 ###
05:06:20 (train) class loss : 3.1244 domain loss : 0.0000 train time: 2.26s
05:06:21 (eval) test accuracy: 5.03% eval time: 1.12s 
05:06:21 ### epoch : 125 ###
05:06:23 (train) class loss : 3.1336 domain loss : 0.0000 train time: 2.28s
05:06:24 (eval) test accuracy: 4.91% eval time: 1.12s 
05:06:24 ### epoch : 126 ###
05:06:26 (train) class loss : 3.0792 domain loss : 0.0000 train time: 2.30s
05:06:27 (eval) test accuracy: 4.91% eval time: 1.12s 
05:06:27 ### epoch : 127 ###
05:06:30 (train) class loss : 3.0840 domain loss : 0.0000 train time: 2.31s
05:06:31 (eval) test accuracy: 4.78% eval time: 1.12s 
05:06:31 ### epoch : 128 ###
05:06:33 (train) class loss : 3.1988 domain loss : 0.0000 train time: 2.33s
05:06:34 (eval) test accuracy: 4.65% eval time: 1.13s 
05:06:34 ### epoch : 129 ###
05:06:37 (train) class loss : 3.1607 domain loss : 0.0000 train time: 2.32s
05:06:38 (eval) test accuracy: 4.78% eval time: 1.11s 
05:06:38 ### epoch : 130 ###
05:06:40 (train) class loss : 3.0678 domain loss : 0.0000 train time: 2.30s
05:06:41 (eval) test accuracy: 5.03% eval time: 1.13s 
05:06:41 ### epoch : 131 ###
05:06:44 (train) class loss : 3.1632 domain loss : 0.0000 train time: 2.33s
05:06:45 (eval) test accuracy: 4.53% eval time: 1.11s 
05:06:45 ### epoch : 132 ###
05:06:47 (train) class loss : 3.1390 domain loss : 0.0000 train time: 2.31s
05:06:48 (eval) test accuracy: 3.52% eval time: 1.09s 
05:06:48 ### epoch : 133 ###
05:06:50 (train) class loss : 3.1543 domain loss : 0.0000 train time: 2.32s
05:06:52 (eval) test accuracy: 4.28% eval time: 1.13s 
05:06:52 ### epoch : 134 ###
05:06:54 (train) class loss : 3.0868 domain loss : 0.0000 train time: 2.33s
05:06:55 (eval) test accuracy: 5.16% eval time: 1.10s 
05:06:55 ### epoch : 135 ###
05:06:57 (train) class loss : 3.0829 domain loss : 0.0000 train time: 2.32s
05:06:58 (eval) test accuracy: 4.78% eval time: 1.12s 
05:06:58 ### epoch : 136 ###
05:07:01 (train) class loss : 3.0660 domain loss : 0.0000 train time: 2.30s
05:07:02 (eval) test accuracy: 5.66% eval time: 1.13s 
05:07:02 ### epoch : 137 ###
05:07:04 (train) class loss : 3.0951 domain loss : 0.0000 train time: 2.31s
05:07:05 (eval) test accuracy: 5.28% eval time: 1.12s 
05:07:05 ### epoch : 138 ###
05:07:08 (train) class loss : 3.1187 domain loss : 0.0000 train time: 2.30s
05:07:09 (eval) test accuracy: 4.78% eval time: 1.11s 
05:07:09 ### epoch : 139 ###
05:07:11 (train) class loss : 3.0819 domain loss : 0.0000 train time: 2.34s
05:07:12 (eval) test accuracy: 4.28% eval time: 1.10s 
05:07:12 ### epoch : 140 ###
05:07:14 (train) class loss : 3.0826 domain loss : 0.0000 train time: 2.32s
05:07:16 (eval) test accuracy: 5.03% eval time: 1.10s 
05:07:16 ### epoch : 141 ###
05:07:18 (train) class loss : 3.1245 domain loss : 0.0000 train time: 2.28s
05:07:19 (eval) test accuracy: 4.40% eval time: 1.13s 
05:07:19 ### epoch : 142 ###
05:07:21 (train) class loss : 3.1356 domain loss : 0.0000 train time: 2.31s
05:07:22 (eval) test accuracy: 4.91% eval time: 1.13s 
05:07:22 ### epoch : 143 ###
05:07:25 (train) class loss : 3.1153 domain loss : 0.0000 train time: 2.31s
05:07:26 (eval) test accuracy: 4.15% eval time: 1.11s 
05:07:26 ### epoch : 144 ###
05:07:28 (train) class loss : 3.1020 domain loss : 0.0000 train time: 2.32s
05:07:29 (eval) test accuracy: 5.03% eval time: 1.10s 
05:07:29 ### epoch : 145 ###
05:07:31 (train) class loss : 3.1043 domain loss : 0.0000 train time: 2.30s
05:07:33 (eval) test accuracy: 4.15% eval time: 1.11s 
05:07:33 ### epoch : 146 ###
05:07:35 (train) class loss : 3.0897 domain loss : 0.0000 train time: 2.31s
05:07:36 (eval) test accuracy: 4.78% eval time: 1.12s 
05:07:36 ### epoch : 147 ###
05:07:38 (train) class loss : 3.0791 domain loss : 0.0000 train time: 2.28s
05:07:39 (eval) test accuracy: 4.91% eval time: 1.10s 
05:07:39 ### epoch : 148 ###
05:07:42 (train) class loss : 3.0704 domain loss : 0.0000 train time: 2.30s
05:07:43 (eval) test accuracy: 5.16% eval time: 1.12s 
05:07:43 ### epoch : 149 ###
05:07:45 (train) class loss : 3.0935 domain loss : 0.0000 train time: 2.28s
05:07:46 (eval) test accuracy: 4.65% eval time: 1.13s 
05:07:46 ### epoch : 150 ###
05:07:49 (train) class loss : 3.0975 domain loss : 0.0000 train time: 2.26s
05:07:50 (eval) test accuracy: 4.03% eval time: 1.11s 
05:07:50 ### epoch : 151 ###
05:07:52 (train) class loss : 3.1337 domain loss : 0.0000 train time: 2.33s
05:07:53 (eval) test accuracy: 4.40% eval time: 1.10s 
05:07:53 ### epoch : 152 ###
05:07:55 (train) class loss : 3.0905 domain loss : 0.0000 train time: 2.31s
05:07:56 (eval) test accuracy: 4.78% eval time: 1.12s 
05:07:56 ### epoch : 153 ###
05:07:59 (train) class loss : 3.1333 domain loss : 0.0000 train time: 2.27s
05:08:00 (eval) test accuracy: 5.03% eval time: 1.08s 
05:08:00 ### epoch : 154 ###
05:08:02 (train) class loss : 3.0911 domain loss : 0.0000 train time: 2.32s
05:08:03 (eval) test accuracy: 5.16% eval time: 1.13s 
05:08:03 ### epoch : 155 ###
05:08:06 (train) class loss : 3.1178 domain loss : 0.0000 train time: 2.34s
05:08:07 (eval) test accuracy: 5.03% eval time: 1.10s 
05:08:07 ### epoch : 156 ###
05:08:09 (train) class loss : 3.1192 domain loss : 0.0000 train time: 2.35s
05:08:10 (eval) test accuracy: 5.16% eval time: 1.09s 
05:08:10 ### epoch : 157 ###
05:08:12 (train) class loss : 3.1089 domain loss : 0.0000 train time: 2.32s
05:08:14 (eval) test accuracy: 4.28% eval time: 1.11s 
05:08:14 ### epoch : 158 ###
05:08:16 (train) class loss : 3.0789 domain loss : 0.0000 train time: 2.30s
05:08:17 (eval) test accuracy: 4.91% eval time: 1.12s 
05:08:17 ### epoch : 159 ###
05:08:19 (train) class loss : 3.1365 domain loss : 0.0000 train time: 2.28s
05:08:20 (eval) test accuracy: 4.53% eval time: 1.15s 
05:08:20 ### epoch : 160 ###
05:08:23 (train) class loss : 3.1203 domain loss : 0.0000 train time: 2.35s
05:08:24 (eval) test accuracy: 3.90% eval time: 1.12s 
05:08:24 ### epoch : 161 ###
05:08:26 (train) class loss : 3.0797 domain loss : 0.0000 train time: 2.32s
05:08:27 (eval) test accuracy: 4.53% eval time: 1.12s 
05:08:27 ### epoch : 162 ###
05:08:30 (train) class loss : 3.1339 domain loss : 0.0000 train time: 2.33s
05:08:31 (eval) test accuracy: 4.53% eval time: 1.12s 
05:08:31 ### epoch : 163 ###
05:08:33 (train) class loss : 3.1610 domain loss : 0.0000 train time: 2.31s
05:08:34 (eval) test accuracy: 5.28% eval time: 1.12s 
05:08:34 ### epoch : 164 ###
05:08:37 (train) class loss : 3.0832 domain loss : 0.0000 train time: 2.28s
05:08:38 (eval) test accuracy: 4.91% eval time: 1.12s 
05:08:38 ### epoch : 165 ###
05:08:40 (train) class loss : 3.0890 domain loss : 0.0000 train time: 2.30s
05:08:41 (eval) test accuracy: 5.03% eval time: 1.08s 
05:08:41 ### epoch : 166 ###
05:08:43 (train) class loss : 3.0610 domain loss : 0.0000 train time: 2.30s
05:08:44 (eval) test accuracy: 5.79% eval time: 1.10s 
05:08:44 ### epoch : 167 ###
05:08:47 (train) class loss : 3.1567 domain loss : 0.0000 train time: 2.33s
05:08:48 (eval) test accuracy: 5.41% eval time: 1.12s 
05:08:48 ### epoch : 168 ###
05:08:50 (train) class loss : 3.1449 domain loss : 0.0000 train time: 2.32s
05:08:51 (eval) test accuracy: 4.65% eval time: 1.10s 
05:08:51 ### epoch : 169 ###
05:08:54 (train) class loss : 3.1011 domain loss : 0.0000 train time: 2.33s
05:08:55 (eval) test accuracy: 4.91% eval time: 1.10s 
05:08:55 ### epoch : 170 ###
05:08:57 (train) class loss : 3.1442 domain loss : 0.0000 train time: 2.31s
05:08:58 (eval) test accuracy: 4.28% eval time: 1.10s 
05:08:58 ### epoch : 171 ###
05:09:01 (train) class loss : 3.1387 domain loss : 0.0000 train time: 2.33s
05:09:02 (eval) test accuracy: 4.28% eval time: 1.11s 
05:09:02 ### epoch : 172 ###
05:09:04 (train) class loss : 3.1398 domain loss : 0.0000 train time: 2.29s
05:09:05 (eval) test accuracy: 4.40% eval time: 1.11s 
05:09:05 ### epoch : 173 ###
05:09:07 (train) class loss : 3.1224 domain loss : 0.0000 train time: 2.33s
05:09:08 (eval) test accuracy: 4.53% eval time: 1.08s 
05:09:08 ### epoch : 174 ###
05:09:11 (train) class loss : 3.1399 domain loss : 0.0000 train time: 2.29s
05:09:12 (eval) test accuracy: 4.28% eval time: 1.13s 
05:09:12 ### epoch : 175 ###
05:09:14 (train) class loss : 3.0496 domain loss : 0.0000 train time: 2.32s
05:09:15 (eval) test accuracy: 4.53% eval time: 1.12s 
05:09:15 ### epoch : 176 ###
05:09:18 (train) class loss : 3.1064 domain loss : 0.0000 train time: 2.33s
05:09:19 (eval) test accuracy: 5.03% eval time: 1.11s 
05:09:19 ### epoch : 177 ###
05:09:21 (train) class loss : 3.0964 domain loss : 0.0000 train time: 2.28s
05:09:22 (eval) test accuracy: 4.65% eval time: 1.10s 
05:09:22 ### epoch : 178 ###
05:09:24 (train) class loss : 3.1222 domain loss : 0.0000 train time: 2.29s
05:09:26 (eval) test accuracy: 5.03% eval time: 1.12s 
05:09:26 ### epoch : 179 ###
05:09:28 (train) class loss : 3.1147 domain loss : 0.0000 train time: 2.34s
05:09:29 (eval) test accuracy: 4.91% eval time: 1.11s 
05:09:29 ### epoch : 180 ###
05:09:31 (train) class loss : 3.1197 domain loss : 0.0000 train time: 2.30s
05:09:32 (eval) test accuracy: 4.78% eval time: 1.11s 
05:09:32 ### epoch : 181 ###
05:09:35 (train) class loss : 3.0699 domain loss : 0.0000 train time: 2.33s
05:09:36 (eval) test accuracy: 4.91% eval time: 1.10s 
05:09:36 ### epoch : 182 ###
05:09:38 (train) class loss : 3.0786 domain loss : 0.0000 train time: 2.31s
05:09:39 (eval) test accuracy: 4.78% eval time: 1.13s 
05:09:39 ### epoch : 183 ###
05:09:42 (train) class loss : 3.0566 domain loss : 0.0000 train time: 2.33s
05:09:43 (eval) test accuracy: 4.78% eval time: 1.12s 
05:09:43 ### epoch : 184 ###
05:09:45 (train) class loss : 3.1152 domain loss : 0.0000 train time: 2.30s
05:09:46 (eval) test accuracy: 4.78% eval time: 1.11s 
05:09:46 ### epoch : 185 ###
05:09:48 (train) class loss : 3.0698 domain loss : 0.0000 train time: 2.34s
05:09:50 (eval) test accuracy: 5.16% eval time: 1.11s 
05:09:50 ### epoch : 186 ###
05:09:52 (train) class loss : 3.0795 domain loss : 0.0000 train time: 2.32s
05:09:53 (eval) test accuracy: 4.91% eval time: 1.12s 
05:09:53 ### epoch : 187 ###
05:09:55 (train) class loss : 3.1032 domain loss : 0.0000 train time: 2.31s
05:09:56 (eval) test accuracy: 4.78% eval time: 1.11s 
05:09:56 ### epoch : 188 ###
05:09:59 (train) class loss : 3.1257 domain loss : 0.0000 train time: 2.33s
05:10:00 (eval) test accuracy: 4.03% eval time: 1.09s 
05:10:00 ### epoch : 189 ###
05:10:02 (train) class loss : 3.0960 domain loss : 0.0000 train time: 2.33s
05:10:03 (eval) test accuracy: 4.28% eval time: 1.08s 
05:10:03 ### epoch : 190 ###
05:10:06 (train) class loss : 3.1040 domain loss : 0.0000 train time: 2.28s
05:10:07 (eval) test accuracy: 4.91% eval time: 1.12s 
05:10:07 ### epoch : 191 ###
05:10:09 (train) class loss : 3.1007 domain loss : 0.0000 train time: 2.29s
05:10:10 (eval) test accuracy: 4.91% eval time: 1.10s 
05:10:10 ### epoch : 192 ###
05:10:12 (train) class loss : 3.0805 domain loss : 0.0000 train time: 2.29s
05:10:13 (eval) test accuracy: 4.65% eval time: 1.09s 
05:10:13 ### epoch : 193 ###
05:10:16 (train) class loss : 3.1429 domain loss : 0.0000 train time: 2.31s
05:10:17 (eval) test accuracy: 5.03% eval time: 1.13s 
05:10:17 ### epoch : 194 ###
05:10:19 (train) class loss : 3.0880 domain loss : 0.0000 train time: 2.33s
05:10:20 (eval) test accuracy: 4.78% eval time: 1.10s 
05:10:20 ### epoch : 195 ###
05:10:23 (train) class loss : 3.0807 domain loss : 0.0000 train time: 2.37s
05:10:24 (eval) test accuracy: 5.03% eval time: 1.16s 
05:10:24 ### epoch : 196 ###
05:10:26 (train) class loss : 3.0709 domain loss : 0.0000 train time: 2.41s
05:10:27 (eval) test accuracy: 5.16% eval time: 1.11s 
05:10:27 ### epoch : 197 ###
05:10:30 (train) class loss : 3.0602 domain loss : 0.0000 train time: 2.32s
05:10:31 (eval) test accuracy: 5.03% eval time: 1.09s 
05:10:31 ### epoch : 198 ###
05:10:33 (train) class loss : 3.0850 domain loss : 0.0000 train time: 2.32s
05:10:34 (eval) test accuracy: 5.28% eval time: 1.13s 
05:10:34 ### epoch : 199 ###
05:10:37 (train) class loss : 3.0781 domain loss : 0.0000 train time: 2.31s
05:10:38 (eval) test accuracy: 4.65% eval time: 1.12s 
