05:52:21 ############### experiments setting ###############
05:52:21 {'db_path': '../Dataset', 'baseline_path': 'AD_Baseline', 'source': 'dslr', 'target': 'amazon', 'workers': 4, 'gpu': '0', 'epochs': 200, 'batch_size': 64, 'lr': 0.001, 'l2_decay': 0.01, 'momentum': 0.9, 'nesterov': False}
05:52:21 ###################################################
05:52:23 ### epoch : 0 ###
05:52:25 (train) class loss : 3.4466 domain loss : 0.0000 train time: 2.79s
05:52:27 (eval) test accuracy: 2.98% eval time: 2.18s 
05:52:27 ### epoch : 1 ###
05:52:30 (train) class loss : 3.1304 domain loss : 0.0000 train time: 2.33s
05:52:32 (eval) test accuracy: 3.66% eval time: 2.15s 
05:52:32 ### epoch : 2 ###
05:52:34 (train) class loss : 2.9364 domain loss : 0.0000 train time: 2.34s
05:52:36 (eval) test accuracy: 3.09% eval time: 2.15s 
05:52:36 ### epoch : 3 ###
05:52:39 (train) class loss : 2.8208 domain loss : 0.0000 train time: 2.34s
05:52:41 (eval) test accuracy: 3.30% eval time: 2.15s 
05:52:41 ### epoch : 4 ###
05:52:43 (train) class loss : 2.6878 domain loss : 0.0000 train time: 2.34s
05:52:45 (eval) test accuracy: 3.23% eval time: 2.17s 
05:52:45 ### epoch : 5 ###
05:52:48 (train) class loss : 2.5651 domain loss : 0.0000 train time: 2.34s
05:52:50 (eval) test accuracy: 3.16% eval time: 2.18s 
05:52:50 ### epoch : 6 ###
05:52:52 (train) class loss : 2.4427 domain loss : 0.0000 train time: 2.33s
05:52:55 (eval) test accuracy: 1.99% eval time: 2.20s 
05:52:55 ### epoch : 7 ###
05:52:57 (train) class loss : 2.3502 domain loss : 0.0000 train time: 2.31s
05:52:59 (eval) test accuracy: 2.24% eval time: 2.18s 
05:52:59 ### epoch : 8 ###
05:53:01 (train) class loss : 2.2905 domain loss : 0.0000 train time: 2.32s
05:53:03 (eval) test accuracy: 2.95% eval time: 2.14s 
05:53:03 ### epoch : 9 ###
05:53:06 (train) class loss : 2.2307 domain loss : 0.0000 train time: 2.33s
05:53:08 (eval) test accuracy: 3.02% eval time: 2.15s 
05:53:08 ### epoch : 10 ###
05:53:10 (train) class loss : 2.1755 domain loss : 0.0000 train time: 2.34s
05:53:12 (eval) test accuracy: 2.98% eval time: 2.15s 
05:53:12 ### epoch : 11 ###
05:53:15 (train) class loss : 2.1092 domain loss : 0.0000 train time: 2.32s
05:53:17 (eval) test accuracy: 3.12% eval time: 2.17s 
05:53:17 ### epoch : 12 ###
05:53:19 (train) class loss : 2.1073 domain loss : 0.0000 train time: 2.33s
05:53:21 (eval) test accuracy: 3.09% eval time: 2.19s 
05:53:21 ### epoch : 13 ###
05:53:24 (train) class loss : 2.1057 domain loss : 0.0000 train time: 2.32s
05:53:26 (eval) test accuracy: 3.12% eval time: 2.18s 
05:53:26 ### epoch : 14 ###
05:53:28 (train) class loss : 2.0146 domain loss : 0.0000 train time: 2.32s
05:53:30 (eval) test accuracy: 3.09% eval time: 2.20s 
05:53:30 ### epoch : 15 ###
05:53:33 (train) class loss : 2.0409 domain loss : 0.0000 train time: 2.35s
05:53:35 (eval) test accuracy: 3.12% eval time: 2.19s 
05:53:35 ### epoch : 16 ###
05:53:37 (train) class loss : 1.9935 domain loss : 0.0000 train time: 2.34s
05:53:40 (eval) test accuracy: 3.19% eval time: 2.14s 
05:53:40 ### epoch : 17 ###
05:53:42 (train) class loss : 1.9385 domain loss : 0.0000 train time: 2.31s
05:53:44 (eval) test accuracy: 3.16% eval time: 2.18s 
05:53:44 ### epoch : 18 ###
05:53:46 (train) class loss : 1.8927 domain loss : 0.0000 train time: 2.32s
05:53:48 (eval) test accuracy: 3.16% eval time: 2.16s 
05:53:48 ### epoch : 19 ###
05:53:51 (train) class loss : 1.8702 domain loss : 0.0000 train time: 2.32s
05:53:53 (eval) test accuracy: 3.30% eval time: 2.16s 
05:53:53 ### epoch : 20 ###
05:53:55 (train) class loss : 1.8472 domain loss : 0.0000 train time: 2.33s
05:53:58 (eval) test accuracy: 3.30% eval time: 2.23s 
05:53:58 ### epoch : 21 ###
05:54:00 (train) class loss : 1.8275 domain loss : 0.0000 train time: 2.34s
05:54:02 (eval) test accuracy: 3.09% eval time: 2.19s 
05:54:02 ### epoch : 22 ###
05:54:04 (train) class loss : 1.8634 domain loss : 0.0000 train time: 2.31s
05:54:07 (eval) test accuracy: 3.16% eval time: 2.18s 
05:54:07 ### epoch : 23 ###
05:54:09 (train) class loss : 1.8082 domain loss : 0.0000 train time: 2.33s
05:54:11 (eval) test accuracy: 3.16% eval time: 2.18s 
05:54:11 ### epoch : 24 ###
05:54:13 (train) class loss : 1.7887 domain loss : 0.0000 train time: 2.35s
05:54:16 (eval) test accuracy: 3.27% eval time: 2.17s 
05:54:16 ### epoch : 25 ###
05:54:18 (train) class loss : 1.7952 domain loss : 0.0000 train time: 2.32s
05:54:20 (eval) test accuracy: 3.19% eval time: 2.17s 
05:54:20 ### epoch : 26 ###
05:54:22 (train) class loss : 1.7375 domain loss : 0.0000 train time: 2.32s
05:54:25 (eval) test accuracy: 3.30% eval time: 2.17s 
05:54:25 ### epoch : 27 ###
05:54:27 (train) class loss : 1.7455 domain loss : 0.0000 train time: 2.34s
05:54:29 (eval) test accuracy: 3.16% eval time: 2.19s 
05:54:29 ### epoch : 28 ###
05:54:31 (train) class loss : 1.6278 domain loss : 0.0000 train time: 2.32s
05:54:34 (eval) test accuracy: 3.44% eval time: 2.18s 
05:54:34 ### epoch : 29 ###
05:54:36 (train) class loss : 1.6756 domain loss : 0.0000 train time: 2.33s
05:54:38 (eval) test accuracy: 3.30% eval time: 2.22s 
05:54:38 ### epoch : 30 ###
05:54:40 (train) class loss : 1.6302 domain loss : 0.0000 train time: 2.33s
05:54:43 (eval) test accuracy: 3.16% eval time: 2.17s 
05:54:43 ### epoch : 31 ###
05:54:45 (train) class loss : 1.6364 domain loss : 0.0000 train time: 2.32s
05:54:47 (eval) test accuracy: 3.51% eval time: 2.15s 
05:54:47 ### epoch : 32 ###
05:54:49 (train) class loss : 1.5882 domain loss : 0.0000 train time: 2.34s
05:54:52 (eval) test accuracy: 3.62% eval time: 2.19s 
05:54:52 ### epoch : 33 ###
05:54:54 (train) class loss : 1.6350 domain loss : 0.0000 train time: 2.34s
05:54:56 (eval) test accuracy: 3.12% eval time: 2.21s 
05:54:56 ### epoch : 34 ###
05:54:59 (train) class loss : 1.6476 domain loss : 0.0000 train time: 2.31s
05:55:01 (eval) test accuracy: 3.37% eval time: 2.22s 
05:55:01 ### epoch : 35 ###
05:55:03 (train) class loss : 1.6496 domain loss : 0.0000 train time: 2.32s
05:55:05 (eval) test accuracy: 3.37% eval time: 2.17s 
05:55:05 ### epoch : 36 ###
05:55:08 (train) class loss : 1.5783 domain loss : 0.0000 train time: 2.33s
05:55:10 (eval) test accuracy: 3.59% eval time: 2.20s 
05:55:10 ### epoch : 37 ###
05:55:12 (train) class loss : 1.5767 domain loss : 0.0000 train time: 2.31s
05:55:14 (eval) test accuracy: 3.59% eval time: 2.19s 
05:55:14 ### epoch : 38 ###
05:55:17 (train) class loss : 1.5418 domain loss : 0.0000 train time: 2.34s
05:55:19 (eval) test accuracy: 3.55% eval time: 2.21s 
05:55:19 ### epoch : 39 ###
05:55:21 (train) class loss : 1.5324 domain loss : 0.0000 train time: 2.33s
05:55:23 (eval) test accuracy: 3.19% eval time: 2.21s 
05:55:23 ### epoch : 40 ###
05:55:26 (train) class loss : 1.5055 domain loss : 0.0000 train time: 2.30s
05:55:28 (eval) test accuracy: 3.62% eval time: 2.20s 
05:55:28 ### epoch : 41 ###
05:55:30 (train) class loss : 1.5253 domain loss : 0.0000 train time: 2.32s
05:55:32 (eval) test accuracy: 3.37% eval time: 2.16s 
05:55:32 ### epoch : 42 ###
05:55:35 (train) class loss : 1.5077 domain loss : 0.0000 train time: 2.33s
05:55:37 (eval) test accuracy: 3.37% eval time: 2.18s 
05:55:37 ### epoch : 43 ###
05:55:39 (train) class loss : 1.4763 domain loss : 0.0000 train time: 2.32s
05:55:41 (eval) test accuracy: 3.62% eval time: 2.20s 
05:55:41 ### epoch : 44 ###
05:55:44 (train) class loss : 1.4519 domain loss : 0.0000 train time: 2.33s
05:55:46 (eval) test accuracy: 3.83% eval time: 2.15s 
05:55:46 ### epoch : 45 ###
05:55:48 (train) class loss : 1.4211 domain loss : 0.0000 train time: 2.33s
05:55:50 (eval) test accuracy: 3.51% eval time: 2.16s 
05:55:50 ### epoch : 46 ###
05:55:53 (train) class loss : 1.4304 domain loss : 0.0000 train time: 2.39s
05:55:55 (eval) test accuracy: 3.80% eval time: 2.16s 
05:55:55 ### epoch : 47 ###
05:55:57 (train) class loss : 1.3824 domain loss : 0.0000 train time: 2.33s
05:55:59 (eval) test accuracy: 3.44% eval time: 2.14s 
05:55:59 ### epoch : 48 ###
05:56:02 (train) class loss : 1.4150 domain loss : 0.0000 train time: 2.32s
05:56:04 (eval) test accuracy: 3.98% eval time: 2.17s 
05:56:04 ### epoch : 49 ###
05:56:06 (train) class loss : 1.3719 domain loss : 0.0000 train time: 2.32s
05:56:08 (eval) test accuracy: 3.44% eval time: 2.20s 
05:56:08 ### epoch : 50 ###
05:56:11 (train) class loss : 1.3883 domain loss : 0.0000 train time: 2.30s
05:56:13 (eval) test accuracy: 3.51% eval time: 2.18s 
05:56:13 ### epoch : 51 ###
05:56:15 (train) class loss : 1.3797 domain loss : 0.0000 train time: 2.33s
05:56:17 (eval) test accuracy: 3.48% eval time: 2.20s 
05:56:17 ### epoch : 52 ###
05:56:20 (train) class loss : 1.3430 domain loss : 0.0000 train time: 2.32s
05:56:22 (eval) test accuracy: 3.51% eval time: 2.19s 
05:56:22 ### epoch : 53 ###
05:56:24 (train) class loss : 1.3962 domain loss : 0.0000 train time: 2.30s
05:56:26 (eval) test accuracy: 3.59% eval time: 2.19s 
05:56:26 ### epoch : 54 ###
05:56:29 (train) class loss : 1.3765 domain loss : 0.0000 train time: 2.30s
05:56:31 (eval) test accuracy: 3.66% eval time: 2.18s 
05:56:31 ### epoch : 55 ###
05:56:33 (train) class loss : 1.3525 domain loss : 0.0000 train time: 2.33s
05:56:35 (eval) test accuracy: 3.44% eval time: 2.18s 
05:56:35 ### epoch : 56 ###
05:56:38 (train) class loss : 1.3600 domain loss : 0.0000 train time: 2.34s
05:56:40 (eval) test accuracy: 3.66% eval time: 2.20s 
05:56:40 ### epoch : 57 ###
05:56:42 (train) class loss : 1.3468 domain loss : 0.0000 train time: 2.32s
05:56:44 (eval) test accuracy: 3.66% eval time: 2.16s 
05:56:44 ### epoch : 58 ###
05:56:47 (train) class loss : 1.3101 domain loss : 0.0000 train time: 2.35s
05:56:49 (eval) test accuracy: 3.87% eval time: 2.15s 
05:56:49 ### epoch : 59 ###
05:56:51 (train) class loss : 1.3116 domain loss : 0.0000 train time: 2.32s
05:56:53 (eval) test accuracy: 3.73% eval time: 2.19s 
05:56:53 ### epoch : 60 ###
05:56:56 (train) class loss : 1.3375 domain loss : 0.0000 train time: 2.31s
05:56:58 (eval) test accuracy: 3.90% eval time: 2.16s 
05:56:58 ### epoch : 61 ###
05:57:00 (train) class loss : 1.3222 domain loss : 0.0000 train time: 2.34s
05:57:02 (eval) test accuracy: 3.69% eval time: 2.18s 
05:57:02 ### epoch : 62 ###
05:57:05 (train) class loss : 1.3426 domain loss : 0.0000 train time: 2.31s
05:57:07 (eval) test accuracy: 3.62% eval time: 2.16s 
05:57:07 ### epoch : 63 ###
05:57:09 (train) class loss : 1.3238 domain loss : 0.0000 train time: 2.33s
05:57:11 (eval) test accuracy: 3.55% eval time: 2.14s 
05:57:11 ### epoch : 64 ###
05:57:14 (train) class loss : 1.2640 domain loss : 0.0000 train time: 2.34s
05:57:16 (eval) test accuracy: 3.48% eval time: 2.22s 
05:57:16 ### epoch : 65 ###
05:57:18 (train) class loss : 1.2994 domain loss : 0.0000 train time: 2.34s
05:57:20 (eval) test accuracy: 3.76% eval time: 2.15s 
05:57:20 ### epoch : 66 ###
05:57:23 (train) class loss : 1.2580 domain loss : 0.0000 train time: 2.31s
05:57:25 (eval) test accuracy: 3.69% eval time: 2.23s 
05:57:25 ### epoch : 67 ###
05:57:27 (train) class loss : 1.2666 domain loss : 0.0000 train time: 2.29s
05:57:29 (eval) test accuracy: 3.87% eval time: 2.16s 
05:57:29 ### epoch : 68 ###
05:57:32 (train) class loss : 1.3082 domain loss : 0.0000 train time: 2.30s
05:57:34 (eval) test accuracy: 3.83% eval time: 2.16s 
05:57:34 ### epoch : 69 ###
05:57:36 (train) class loss : 1.2763 domain loss : 0.0000 train time: 2.34s
05:57:38 (eval) test accuracy: 3.69% eval time: 2.21s 
05:57:38 ### epoch : 70 ###
05:57:41 (train) class loss : 1.1892 domain loss : 0.0000 train time: 2.32s
05:57:43 (eval) test accuracy: 3.94% eval time: 2.16s 
05:57:43 ### epoch : 71 ###
05:57:45 (train) class loss : 1.2139 domain loss : 0.0000 train time: 2.32s
05:57:47 (eval) test accuracy: 4.05% eval time: 2.18s 
05:57:47 ### epoch : 72 ###
05:57:50 (train) class loss : 1.2225 domain loss : 0.0000 train time: 2.31s
05:57:52 (eval) test accuracy: 3.19% eval time: 2.19s 
05:57:52 ### epoch : 73 ###
05:57:54 (train) class loss : 1.2161 domain loss : 0.0000 train time: 2.32s
05:57:56 (eval) test accuracy: 4.01% eval time: 2.17s 
05:57:56 ### epoch : 74 ###
05:57:59 (train) class loss : 1.1674 domain loss : 0.0000 train time: 2.32s
05:58:01 (eval) test accuracy: 3.76% eval time: 2.19s 
05:58:01 ### epoch : 75 ###
05:58:03 (train) class loss : 1.1741 domain loss : 0.0000 train time: 2.33s
05:58:05 (eval) test accuracy: 4.37% eval time: 2.15s 
05:58:05 ### epoch : 76 ###
05:58:08 (train) class loss : 1.1850 domain loss : 0.0000 train time: 2.32s
05:58:10 (eval) test accuracy: 3.76% eval time: 2.19s 
05:58:10 ### epoch : 77 ###
05:58:12 (train) class loss : 1.2701 domain loss : 0.0000 train time: 2.33s
05:58:14 (eval) test accuracy: 3.73% eval time: 2.21s 
05:58:14 ### epoch : 78 ###
05:58:17 (train) class loss : 1.2410 domain loss : 0.0000 train time: 2.33s
05:58:19 (eval) test accuracy: 5.01% eval time: 2.20s 
05:58:19 ### epoch : 79 ###
05:58:21 (train) class loss : 1.2056 domain loss : 0.0000 train time: 2.31s
05:58:23 (eval) test accuracy: 4.01% eval time: 2.15s 
05:58:23 ### epoch : 80 ###
05:58:26 (train) class loss : 1.1882 domain loss : 0.0000 train time: 2.35s
05:58:28 (eval) test accuracy: 2.63% eval time: 2.21s 
05:58:28 ### epoch : 81 ###
05:58:30 (train) class loss : 1.1660 domain loss : 0.0000 train time: 2.32s
05:58:32 (eval) test accuracy: 4.12% eval time: 2.20s 
05:58:32 ### epoch : 82 ###
05:58:35 (train) class loss : 1.1545 domain loss : 0.0000 train time: 2.34s
05:58:37 (eval) test accuracy: 4.08% eval time: 2.20s 
05:58:37 ### epoch : 83 ###
05:58:39 (train) class loss : 1.1864 domain loss : 0.0000 train time: 2.31s
05:58:41 (eval) test accuracy: 4.12% eval time: 2.20s 
05:58:41 ### epoch : 84 ###
05:58:44 (train) class loss : 1.1606 domain loss : 0.0000 train time: 2.35s
05:58:46 (eval) test accuracy: 3.94% eval time: 2.21s 
05:58:46 ### epoch : 85 ###
05:58:48 (train) class loss : 1.0970 domain loss : 0.0000 train time: 2.32s
05:58:51 (eval) test accuracy: 4.54% eval time: 2.20s 
05:58:51 ### epoch : 86 ###
05:58:53 (train) class loss : 1.1435 domain loss : 0.0000 train time: 2.34s
05:58:55 (eval) test accuracy: 2.45% eval time: 2.16s 
05:58:55 ### epoch : 87 ###
05:58:57 (train) class loss : 1.1142 domain loss : 0.0000 train time: 2.35s
05:59:00 (eval) test accuracy: 5.04% eval time: 2.21s 
05:59:00 ### epoch : 88 ###
05:59:02 (train) class loss : 1.1394 domain loss : 0.0000 train time: 2.33s
05:59:04 (eval) test accuracy: 4.12% eval time: 2.17s 
05:59:04 ### epoch : 89 ###
05:59:06 (train) class loss : 1.1381 domain loss : 0.0000 train time: 2.34s
05:59:09 (eval) test accuracy: 4.01% eval time: 2.16s 
05:59:09 ### epoch : 90 ###
05:59:11 (train) class loss : 1.0980 domain loss : 0.0000 train time: 2.34s
05:59:13 (eval) test accuracy: 4.12% eval time: 2.21s 
05:59:13 ### epoch : 91 ###
05:59:16 (train) class loss : 1.1299 domain loss : 0.0000 train time: 2.33s
05:59:18 (eval) test accuracy: 4.61% eval time: 2.20s 
05:59:18 ### epoch : 92 ###
05:59:20 (train) class loss : 1.1463 domain loss : 0.0000 train time: 2.32s
05:59:22 (eval) test accuracy: 2.31% eval time: 2.20s 
05:59:22 ### epoch : 93 ###
05:59:25 (train) class loss : 1.1232 domain loss : 0.0000 train time: 2.35s
05:59:27 (eval) test accuracy: 4.22% eval time: 2.15s 
05:59:27 ### epoch : 94 ###
05:59:29 (train) class loss : 1.1376 domain loss : 0.0000 train time: 2.36s
05:59:31 (eval) test accuracy: 4.37% eval time: 2.18s 
05:59:31 ### epoch : 95 ###
05:59:34 (train) class loss : 1.1379 domain loss : 0.0000 train time: 2.32s
05:59:36 (eval) test accuracy: 2.31% eval time: 2.17s 
05:59:36 ### epoch : 96 ###
05:59:38 (train) class loss : 1.1129 domain loss : 0.0000 train time: 2.34s
05:59:40 (eval) test accuracy: 3.94% eval time: 2.18s 
05:59:40 ### epoch : 97 ###
05:59:43 (train) class loss : 1.1535 domain loss : 0.0000 train time: 2.32s
05:59:45 (eval) test accuracy: 2.80% eval time: 2.18s 
05:59:45 ### epoch : 98 ###
05:59:47 (train) class loss : 1.1539 domain loss : 0.0000 train time: 2.33s
05:59:49 (eval) test accuracy: 2.52% eval time: 2.15s 
05:59:49 ### epoch : 99 ###
05:59:52 (train) class loss : 1.1856 domain loss : 0.0000 train time: 2.33s
05:59:54 (eval) test accuracy: 1.88% eval time: 2.19s 
05:59:54 ### epoch : 100 ###
05:59:56 (train) class loss : 1.1756 domain loss : 0.0000 train time: 2.32s
05:59:58 (eval) test accuracy: 4.76% eval time: 2.15s 
05:59:58 ### epoch : 101 ###
06:00:01 (train) class loss : 1.1865 domain loss : 0.0000 train time: 2.34s
06:00:03 (eval) test accuracy: 2.38% eval time: 2.14s 
06:00:03 ### epoch : 102 ###
06:00:05 (train) class loss : 1.1734 domain loss : 0.0000 train time: 2.31s
06:00:07 (eval) test accuracy: 3.90% eval time: 2.23s 
06:00:07 ### epoch : 103 ###
06:00:10 (train) class loss : 1.1885 domain loss : 0.0000 train time: 2.32s
06:00:12 (eval) test accuracy: 4.61% eval time: 2.18s 
06:00:12 ### epoch : 104 ###
06:00:14 (train) class loss : 1.1287 domain loss : 0.0000 train time: 2.35s
06:00:16 (eval) test accuracy: 4.33% eval time: 2.16s 
06:00:16 ### epoch : 105 ###
06:00:19 (train) class loss : 1.1139 domain loss : 0.0000 train time: 2.32s
06:00:21 (eval) test accuracy: 3.98% eval time: 2.20s 
06:00:21 ### epoch : 106 ###
06:00:23 (train) class loss : 1.0979 domain loss : 0.0000 train time: 2.35s
06:00:25 (eval) test accuracy: 4.15% eval time: 2.19s 
06:00:25 ### epoch : 107 ###
06:00:28 (train) class loss : 1.0827 domain loss : 0.0000 train time: 2.32s
06:00:30 (eval) test accuracy: 3.76% eval time: 2.17s 
06:00:30 ### epoch : 108 ###
06:00:32 (train) class loss : 1.0804 domain loss : 0.0000 train time: 2.35s
06:00:34 (eval) test accuracy: 2.95% eval time: 2.17s 
06:00:34 ### epoch : 109 ###
06:00:37 (train) class loss : 1.0946 domain loss : 0.0000 train time: 2.35s
06:00:39 (eval) test accuracy: 4.08% eval time: 2.12s 
06:00:39 ### epoch : 110 ###
06:00:41 (train) class loss : 1.0849 domain loss : 0.0000 train time: 2.34s
06:00:43 (eval) test accuracy: 3.62% eval time: 2.18s 
06:00:43 ### epoch : 111 ###
06:00:46 (train) class loss : 1.1505 domain loss : 0.0000 train time: 2.34s
06:00:48 (eval) test accuracy: 3.44% eval time: 2.13s 
06:00:48 ### epoch : 112 ###
06:00:50 (train) class loss : 1.1812 domain loss : 0.0000 train time: 2.33s
06:00:52 (eval) test accuracy: 3.62% eval time: 2.16s 
06:00:52 ### epoch : 113 ###
06:00:55 (train) class loss : 1.1157 domain loss : 0.0000 train time: 2.35s
06:00:57 (eval) test accuracy: 3.23% eval time: 2.17s 
06:00:57 ### epoch : 114 ###
06:00:59 (train) class loss : 1.1219 domain loss : 0.0000 train time: 2.31s
06:01:01 (eval) test accuracy: 2.27% eval time: 2.16s 
06:01:01 ### epoch : 115 ###
06:01:04 (train) class loss : 1.1043 domain loss : 0.0000 train time: 2.32s
06:01:06 (eval) test accuracy: 4.05% eval time: 2.14s 
06:01:06 ### epoch : 116 ###
06:01:08 (train) class loss : 1.0680 domain loss : 0.0000 train time: 2.32s
06:01:10 (eval) test accuracy: 4.33% eval time: 2.16s 
06:01:10 ### epoch : 117 ###
06:01:13 (train) class loss : 1.1175 domain loss : 0.0000 train time: 2.36s
06:01:15 (eval) test accuracy: 3.98% eval time: 2.14s 
06:01:15 ### epoch : 118 ###
06:01:17 (train) class loss : 1.0401 domain loss : 0.0000 train time: 2.33s
06:01:19 (eval) test accuracy: 3.16% eval time: 2.14s 
06:01:19 ### epoch : 119 ###
06:01:22 (train) class loss : 1.0527 domain loss : 0.0000 train time: 2.33s
06:01:24 (eval) test accuracy: 3.98% eval time: 2.14s 
06:01:24 ### epoch : 120 ###
06:01:26 (train) class loss : 1.0653 domain loss : 0.0000 train time: 2.36s
06:01:28 (eval) test accuracy: 3.80% eval time: 2.19s 
06:01:28 ### epoch : 121 ###
06:01:31 (train) class loss : 1.0285 domain loss : 0.0000 train time: 2.33s
06:01:33 (eval) test accuracy: 2.13% eval time: 2.16s 
06:01:33 ### epoch : 122 ###
06:01:35 (train) class loss : 1.0121 domain loss : 0.0000 train time: 2.33s
06:01:37 (eval) test accuracy: 4.15% eval time: 2.16s 
06:01:37 ### epoch : 123 ###
06:01:40 (train) class loss : 1.0568 domain loss : 0.0000 train time: 2.35s
06:01:42 (eval) test accuracy: 3.02% eval time: 2.16s 
06:01:42 ### epoch : 124 ###
06:01:44 (train) class loss : 1.0171 domain loss : 0.0000 train time: 2.35s
06:01:46 (eval) test accuracy: 2.88% eval time: 2.18s 
06:01:46 ### epoch : 125 ###
06:01:49 (train) class loss : 1.0239 domain loss : 0.0000 train time: 2.33s
06:01:51 (eval) test accuracy: 3.09% eval time: 2.17s 
06:01:51 ### epoch : 126 ###
06:01:53 (train) class loss : 1.0200 domain loss : 0.0000 train time: 2.32s
06:01:55 (eval) test accuracy: 2.56% eval time: 2.18s 
06:01:55 ### epoch : 127 ###
06:01:58 (train) class loss : 1.0471 domain loss : 0.0000 train time: 2.30s
06:02:00 (eval) test accuracy: 4.47% eval time: 2.15s 
06:02:00 ### epoch : 128 ###
06:02:02 (train) class loss : 1.0558 domain loss : 0.0000 train time: 2.33s
06:02:04 (eval) test accuracy: 3.19% eval time: 2.18s 
06:02:04 ### epoch : 129 ###
06:02:07 (train) class loss : 1.0786 domain loss : 0.0000 train time: 2.34s
06:02:09 (eval) test accuracy: 4.79% eval time: 2.17s 
06:02:09 ### epoch : 130 ###
06:02:11 (train) class loss : 1.1111 domain loss : 0.0000 train time: 2.34s
06:02:13 (eval) test accuracy: 2.98% eval time: 2.19s 
06:02:13 ### epoch : 131 ###
06:02:16 (train) class loss : 1.0218 domain loss : 0.0000 train time: 2.32s
06:02:18 (eval) test accuracy: 2.13% eval time: 2.15s 
06:02:18 ### epoch : 132 ###
06:02:20 (train) class loss : 1.0635 domain loss : 0.0000 train time: 2.33s
06:02:22 (eval) test accuracy: 2.31% eval time: 2.18s 
06:02:22 ### epoch : 133 ###
06:02:25 (train) class loss : 1.0384 domain loss : 0.0000 train time: 2.35s
06:02:27 (eval) test accuracy: 3.76% eval time: 2.18s 
06:02:27 ### epoch : 134 ###
06:02:29 (train) class loss : 1.0622 domain loss : 0.0000 train time: 2.34s
06:02:31 (eval) test accuracy: 2.77% eval time: 2.17s 
06:02:31 ### epoch : 135 ###
06:02:34 (train) class loss : 1.0185 domain loss : 0.0000 train time: 2.34s
06:02:36 (eval) test accuracy: 4.86% eval time: 2.16s 
06:02:36 ### epoch : 136 ###
06:02:38 (train) class loss : 1.0126 domain loss : 0.0000 train time: 2.34s
06:02:40 (eval) test accuracy: 2.41% eval time: 2.19s 
06:02:40 ### epoch : 137 ###
06:02:43 (train) class loss : 1.0364 domain loss : 0.0000 train time: 2.34s
06:02:45 (eval) test accuracy: 2.91% eval time: 2.18s 
06:02:45 ### epoch : 138 ###
06:02:47 (train) class loss : 1.0126 domain loss : 0.0000 train time: 2.32s
06:02:49 (eval) test accuracy: 4.08% eval time: 2.15s 
06:02:49 ### epoch : 139 ###
06:02:52 (train) class loss : 1.0062 domain loss : 0.0000 train time: 2.32s
06:02:54 (eval) test accuracy: 3.37% eval time: 2.19s 
06:02:54 ### epoch : 140 ###
06:02:56 (train) class loss : 1.0420 domain loss : 0.0000 train time: 2.31s
06:02:58 (eval) test accuracy: 2.02% eval time: 2.14s 
06:02:58 ### epoch : 141 ###
06:03:01 (train) class loss : 1.0350 domain loss : 0.0000 train time: 2.31s
06:03:03 (eval) test accuracy: 2.63% eval time: 2.16s 
06:03:03 ### epoch : 142 ###
06:03:05 (train) class loss : 1.0275 domain loss : 0.0000 train time: 2.30s
06:03:07 (eval) test accuracy: 2.63% eval time: 2.20s 
06:03:07 ### epoch : 143 ###
06:03:10 (train) class loss : 0.9868 domain loss : 0.0000 train time: 2.33s
06:03:12 (eval) test accuracy: 2.52% eval time: 2.21s 
06:03:12 ### epoch : 144 ###
06:03:14 (train) class loss : 0.9675 domain loss : 0.0000 train time: 2.32s
06:03:16 (eval) test accuracy: 2.20% eval time: 2.15s 
06:03:16 ### epoch : 145 ###
06:03:19 (train) class loss : 0.9898 domain loss : 0.0000 train time: 2.31s
06:03:21 (eval) test accuracy: 5.22% eval time: 2.14s 
06:03:21 ### epoch : 146 ###
06:03:23 (train) class loss : 0.9750 domain loss : 0.0000 train time: 2.33s
06:03:25 (eval) test accuracy: 2.66% eval time: 2.16s 
06:03:25 ### epoch : 147 ###
06:03:28 (train) class loss : 1.0201 domain loss : 0.0000 train time: 2.31s
06:03:30 (eval) test accuracy: 2.77% eval time: 2.19s 
06:03:30 ### epoch : 148 ###
06:03:32 (train) class loss : 1.0129 domain loss : 0.0000 train time: 2.31s
06:03:34 (eval) test accuracy: 2.20% eval time: 2.17s 
06:03:34 ### epoch : 149 ###
06:03:37 (train) class loss : 0.9947 domain loss : 0.0000 train time: 2.35s
06:03:39 (eval) test accuracy: 4.30% eval time: 2.15s 
06:03:39 ### epoch : 150 ###
06:03:41 (train) class loss : 1.0004 domain loss : 0.0000 train time: 2.35s
06:03:43 (eval) test accuracy: 2.45% eval time: 2.19s 
06:03:43 ### epoch : 151 ###
06:03:46 (train) class loss : 1.0070 domain loss : 0.0000 train time: 2.36s
06:03:48 (eval) test accuracy: 5.04% eval time: 2.15s 
06:03:48 ### epoch : 152 ###
06:03:50 (train) class loss : 1.0875 domain loss : 0.0000 train time: 2.33s
06:03:52 (eval) test accuracy: 2.56% eval time: 2.16s 
06:03:52 ### epoch : 153 ###
06:03:55 (train) class loss : 1.0814 domain loss : 0.0000 train time: 2.34s
06:03:57 (eval) test accuracy: 3.19% eval time: 2.14s 
06:03:57 ### epoch : 154 ###
06:03:59 (train) class loss : 1.0116 domain loss : 0.0000 train time: 2.33s
06:04:01 (eval) test accuracy: 2.98% eval time: 2.16s 
06:04:01 ### epoch : 155 ###
06:04:04 (train) class loss : 1.0017 domain loss : 0.0000 train time: 2.33s
06:04:06 (eval) test accuracy: 4.44% eval time: 2.16s 
06:04:06 ### epoch : 156 ###
06:04:08 (train) class loss : 0.9846 domain loss : 0.0000 train time: 2.31s
06:04:10 (eval) test accuracy: 2.80% eval time: 2.16s 
06:04:10 ### epoch : 157 ###
06:04:13 (train) class loss : 1.0099 domain loss : 0.0000 train time: 2.34s
06:04:15 (eval) test accuracy: 2.17% eval time: 2.14s 
06:04:15 ### epoch : 158 ###
06:04:17 (train) class loss : 1.0156 domain loss : 0.0000 train time: 2.33s
06:04:19 (eval) test accuracy: 2.17% eval time: 2.18s 
06:04:19 ### epoch : 159 ###
06:04:22 (train) class loss : 1.0423 domain loss : 0.0000 train time: 2.37s
06:04:24 (eval) test accuracy: 4.54% eval time: 2.18s 
06:04:24 ### epoch : 160 ###
06:04:26 (train) class loss : 1.0139 domain loss : 0.0000 train time: 2.32s
06:04:28 (eval) test accuracy: 2.48% eval time: 2.18s 
06:04:28 ### epoch : 161 ###
06:04:31 (train) class loss : 1.0313 domain loss : 0.0000 train time: 2.34s
06:04:33 (eval) test accuracy: 3.87% eval time: 2.14s 
06:04:33 ### epoch : 162 ###
06:04:35 (train) class loss : 1.0183 domain loss : 0.0000 train time: 2.32s
06:04:37 (eval) test accuracy: 2.34% eval time: 2.14s 
06:04:37 ### epoch : 163 ###
06:04:40 (train) class loss : 0.9971 domain loss : 0.0000 train time: 2.36s
06:04:42 (eval) test accuracy: 4.58% eval time: 2.16s 
06:04:42 ### epoch : 164 ###
06:04:44 (train) class loss : 1.0004 domain loss : 0.0000 train time: 2.34s
06:04:46 (eval) test accuracy: 2.20% eval time: 2.18s 
06:04:46 ### epoch : 165 ###
06:04:49 (train) class loss : 0.9801 domain loss : 0.0000 train time: 2.32s
06:04:51 (eval) test accuracy: 4.51% eval time: 2.13s 
06:04:51 ### epoch : 166 ###
06:04:53 (train) class loss : 1.0054 domain loss : 0.0000 train time: 2.30s
06:04:55 (eval) test accuracy: 2.31% eval time: 2.16s 
06:04:55 ### epoch : 167 ###
06:04:58 (train) class loss : 0.9839 domain loss : 0.0000 train time: 2.35s
06:05:00 (eval) test accuracy: 2.91% eval time: 2.17s 
06:05:00 ### epoch : 168 ###
06:05:02 (train) class loss : 0.9678 domain loss : 0.0000 train time: 2.34s
06:05:04 (eval) test accuracy: 1.95% eval time: 2.16s 
06:05:04 ### epoch : 169 ###
06:05:07 (train) class loss : 0.9554 domain loss : 0.0000 train time: 2.34s
06:05:09 (eval) test accuracy: 4.40% eval time: 2.15s 
06:05:09 ### epoch : 170 ###
06:05:11 (train) class loss : 0.9818 domain loss : 0.0000 train time: 2.33s
06:05:13 (eval) test accuracy: 2.91% eval time: 2.13s 
06:05:13 ### epoch : 171 ###
06:05:15 (train) class loss : 1.0195 domain loss : 0.0000 train time: 2.33s
06:05:18 (eval) test accuracy: 2.95% eval time: 2.19s 
06:05:18 ### epoch : 172 ###
06:05:20 (train) class loss : 0.9860 domain loss : 0.0000 train time: 2.30s
06:05:22 (eval) test accuracy: 4.30% eval time: 2.13s 
06:05:22 ### epoch : 173 ###
06:05:24 (train) class loss : 1.0245 domain loss : 0.0000 train time: 2.31s
06:05:27 (eval) test accuracy: 5.22% eval time: 2.12s 
06:05:27 ### epoch : 174 ###
06:05:29 (train) class loss : 1.0287 domain loss : 0.0000 train time: 2.32s
06:05:31 (eval) test accuracy: 2.52% eval time: 2.19s 
06:05:31 ### epoch : 175 ###
06:05:33 (train) class loss : 0.9981 domain loss : 0.0000 train time: 2.33s
06:05:36 (eval) test accuracy: 2.41% eval time: 2.13s 
06:05:36 ### epoch : 176 ###
06:05:38 (train) class loss : 0.9728 domain loss : 0.0000 train time: 2.32s
06:05:40 (eval) test accuracy: 4.12% eval time: 2.20s 
06:05:40 ### epoch : 177 ###
06:05:42 (train) class loss : 0.9543 domain loss : 0.0000 train time: 2.31s
06:05:45 (eval) test accuracy: 4.08% eval time: 2.19s 
06:05:45 ### epoch : 178 ###
06:05:47 (train) class loss : 0.9232 domain loss : 0.0000 train time: 2.32s
06:05:49 (eval) test accuracy: 2.59% eval time: 2.18s 
06:05:49 ### epoch : 179 ###
06:05:51 (train) class loss : 0.9582 domain loss : 0.0000 train time: 2.32s
06:05:54 (eval) test accuracy: 3.51% eval time: 2.15s 
06:05:54 ### epoch : 180 ###
06:05:56 (train) class loss : 0.9710 domain loss : 0.0000 train time: 2.34s
06:05:58 (eval) test accuracy: 2.20% eval time: 2.18s 
06:05:58 ### epoch : 181 ###
06:06:00 (train) class loss : 0.9518 domain loss : 0.0000 train time: 2.33s
06:06:03 (eval) test accuracy: 3.94% eval time: 2.17s 
06:06:03 ### epoch : 182 ###
06:06:05 (train) class loss : 0.9406 domain loss : 0.0000 train time: 2.31s
06:06:07 (eval) test accuracy: 2.70% eval time: 2.16s 
06:06:07 ### epoch : 183 ###
06:06:09 (train) class loss : 0.9447 domain loss : 0.0000 train time: 2.36s
06:06:12 (eval) test accuracy: 2.73% eval time: 2.18s 
06:06:12 ### epoch : 184 ###
06:06:14 (train) class loss : 0.8993 domain loss : 0.0000 train time: 2.33s
06:06:16 (eval) test accuracy: 3.59% eval time: 2.15s 
06:06:16 ### epoch : 185 ###
06:06:18 (train) class loss : 0.9359 domain loss : 0.0000 train time: 2.33s
06:06:21 (eval) test accuracy: 1.95% eval time: 2.19s 
06:06:21 ### epoch : 186 ###
06:06:23 (train) class loss : 0.9344 domain loss : 0.0000 train time: 2.34s
06:06:25 (eval) test accuracy: 2.34% eval time: 2.15s 
06:06:25 ### epoch : 187 ###
06:06:27 (train) class loss : 0.9721 domain loss : 0.0000 train time: 2.34s
06:06:30 (eval) test accuracy: 2.09% eval time: 2.18s 
06:06:30 ### epoch : 188 ###
06:06:32 (train) class loss : 0.9488 domain loss : 0.0000 train time: 2.35s
06:06:34 (eval) test accuracy: 2.06% eval time: 2.17s 
06:06:34 ### epoch : 189 ###
06:06:36 (train) class loss : 1.0401 domain loss : 0.0000 train time: 2.35s
06:06:39 (eval) test accuracy: 3.51% eval time: 2.18s 
06:06:39 ### epoch : 190 ###
06:06:41 (train) class loss : 0.9369 domain loss : 0.0000 train time: 2.32s
06:06:43 (eval) test accuracy: 2.06% eval time: 2.16s 
06:06:43 ### epoch : 191 ###
06:06:45 (train) class loss : 0.9817 domain loss : 0.0000 train time: 2.34s
06:06:48 (eval) test accuracy: 2.63% eval time: 2.21s 
06:06:48 ### epoch : 192 ###
06:06:50 (train) class loss : 0.9529 domain loss : 0.0000 train time: 2.34s
06:06:52 (eval) test accuracy: 3.69% eval time: 2.13s 
06:06:52 ### epoch : 193 ###
06:06:54 (train) class loss : 0.9639 domain loss : 0.0000 train time: 2.32s
06:06:57 (eval) test accuracy: 1.95% eval time: 2.16s 
06:06:57 ### epoch : 194 ###
06:06:59 (train) class loss : 0.9408 domain loss : 0.0000 train time: 2.33s
06:07:01 (eval) test accuracy: 2.45% eval time: 2.13s 
06:07:01 ### epoch : 195 ###
06:07:03 (train) class loss : 0.9300 domain loss : 0.0000 train time: 2.33s
06:07:06 (eval) test accuracy: 2.13% eval time: 2.23s 
06:07:06 ### epoch : 196 ###
06:07:08 (train) class loss : 0.9534 domain loss : 0.0000 train time: 2.39s
06:07:10 (eval) test accuracy: 2.70% eval time: 2.16s 
06:07:10 ### epoch : 197 ###
06:07:13 (train) class loss : 0.9600 domain loss : 0.0000 train time: 2.36s
06:07:15 (eval) test accuracy: 5.11% eval time: 2.18s 
06:07:15 ### epoch : 198 ###
06:07:17 (train) class loss : 0.9490 domain loss : 0.0000 train time: 2.34s
06:07:19 (eval) test accuracy: 2.66% eval time: 2.16s 
06:07:19 ### epoch : 199 ###
06:07:22 (train) class loss : 0.9802 domain loss : 0.0000 train time: 2.33s
06:07:24 (eval) test accuracy: 2.09% eval time: 2.19s 
