06:07:25 ############### experiments setting ###############
06:07:25 {'db_path': '../Dataset', 'baseline_path': 'AD_Baseline', 'source': 'webcam', 'target': 'amazon', 'workers': 4, 'gpu': '0', 'epochs': 200, 'batch_size': 64, 'lr': 0.001, 'l2_decay': 0.01, 'momentum': 0.9, 'nesterov': False}
06:07:25 ###################################################
06:07:27 ### epoch : 0 ###
06:07:30 (train) class loss : 3.4037 domain loss : 0.0000 train time: 2.96s
06:07:32 (eval) test accuracy: 2.98% eval time: 2.20s 
06:07:32 ### epoch : 1 ###
06:07:34 (train) class loss : 3.2129 domain loss : 0.0000 train time: 2.22s
06:07:36 (eval) test accuracy: 3.41% eval time: 2.17s 
06:07:36 ### epoch : 2 ###
06:07:39 (train) class loss : 3.0803 domain loss : 0.0000 train time: 2.24s
06:07:41 (eval) test accuracy: 3.30% eval time: 2.21s 
06:07:41 ### epoch : 3 ###
06:07:43 (train) class loss : 2.9175 domain loss : 0.0000 train time: 2.21s
06:07:45 (eval) test accuracy: 3.37% eval time: 2.20s 
06:07:45 ### epoch : 4 ###
06:07:47 (train) class loss : 2.7516 domain loss : 0.0000 train time: 2.19s
06:07:50 (eval) test accuracy: 4.30% eval time: 2.18s 
06:07:50 ### epoch : 5 ###
06:07:52 (train) class loss : 2.6797 domain loss : 0.0000 train time: 2.23s
06:07:54 (eval) test accuracy: 3.30% eval time: 2.22s 
06:07:54 ### epoch : 6 ###
06:07:56 (train) class loss : 2.5216 domain loss : 0.0000 train time: 2.24s
06:07:58 (eval) test accuracy: 3.30% eval time: 2.17s 
06:07:58 ### epoch : 7 ###
06:08:01 (train) class loss : 2.3793 domain loss : 0.0000 train time: 2.25s
06:08:03 (eval) test accuracy: 3.12% eval time: 2.20s 
06:08:03 ### epoch : 8 ###
06:08:05 (train) class loss : 2.3141 domain loss : 0.0000 train time: 2.20s
06:08:07 (eval) test accuracy: 3.62% eval time: 2.25s 
06:08:07 ### epoch : 9 ###
06:08:10 (train) class loss : 2.2499 domain loss : 0.0000 train time: 2.23s
06:08:12 (eval) test accuracy: 3.23% eval time: 2.19s 
06:08:12 ### epoch : 10 ###
06:08:14 (train) class loss : 2.2066 domain loss : 0.0000 train time: 2.26s
06:08:16 (eval) test accuracy: 3.55% eval time: 2.20s 
06:08:16 ### epoch : 11 ###
06:08:18 (train) class loss : 2.1028 domain loss : 0.0000 train time: 2.26s
06:08:21 (eval) test accuracy: 3.83% eval time: 2.18s 
06:08:21 ### epoch : 12 ###
06:08:23 (train) class loss : 2.1249 domain loss : 0.0000 train time: 2.24s
06:08:25 (eval) test accuracy: 3.30% eval time: 2.19s 
06:08:25 ### epoch : 13 ###
06:08:27 (train) class loss : 2.0346 domain loss : 0.0000 train time: 2.22s
06:08:30 (eval) test accuracy: 2.91% eval time: 2.18s 
06:08:30 ### epoch : 14 ###
06:08:32 (train) class loss : 2.0107 domain loss : 0.0000 train time: 2.25s
06:08:34 (eval) test accuracy: 3.41% eval time: 2.20s 
06:08:34 ### epoch : 15 ###
06:08:36 (train) class loss : 1.9520 domain loss : 0.0000 train time: 2.23s
06:08:38 (eval) test accuracy: 3.02% eval time: 2.21s 
06:08:38 ### epoch : 16 ###
06:08:41 (train) class loss : 1.9958 domain loss : 0.0000 train time: 2.24s
06:08:43 (eval) test accuracy: 3.09% eval time: 2.27s 
06:08:43 ### epoch : 17 ###
06:08:45 (train) class loss : 1.9509 domain loss : 0.0000 train time: 2.20s
06:08:47 (eval) test accuracy: 3.05% eval time: 2.24s 
06:08:47 ### epoch : 18 ###
06:08:50 (train) class loss : 1.9008 domain loss : 0.0000 train time: 2.19s
06:08:52 (eval) test accuracy: 3.12% eval time: 2.20s 
06:08:52 ### epoch : 19 ###
06:08:54 (train) class loss : 1.8592 domain loss : 0.0000 train time: 2.25s
06:08:56 (eval) test accuracy: 3.41% eval time: 2.20s 
06:08:56 ### epoch : 20 ###
06:08:58 (train) class loss : 1.8138 domain loss : 0.0000 train time: 2.20s
06:09:01 (eval) test accuracy: 3.90% eval time: 2.23s 
06:09:01 ### epoch : 21 ###
06:09:03 (train) class loss : 1.7735 domain loss : 0.0000 train time: 2.24s
06:09:05 (eval) test accuracy: 3.69% eval time: 2.22s 
06:09:05 ### epoch : 22 ###
06:09:07 (train) class loss : 1.7482 domain loss : 0.0000 train time: 2.25s
06:09:09 (eval) test accuracy: 3.23% eval time: 2.15s 
06:09:09 ### epoch : 23 ###
06:09:12 (train) class loss : 1.7442 domain loss : 0.0000 train time: 2.27s
06:09:14 (eval) test accuracy: 3.30% eval time: 2.19s 
06:09:14 ### epoch : 24 ###
06:09:16 (train) class loss : 1.7131 domain loss : 0.0000 train time: 2.25s
06:09:18 (eval) test accuracy: 4.54% eval time: 2.21s 
06:09:18 ### epoch : 25 ###
06:09:21 (train) class loss : 1.7589 domain loss : 0.0000 train time: 2.25s
06:09:23 (eval) test accuracy: 2.73% eval time: 2.20s 
06:09:23 ### epoch : 26 ###
06:09:25 (train) class loss : 1.7712 domain loss : 0.0000 train time: 2.16s
06:09:27 (eval) test accuracy: 3.51% eval time: 2.21s 
06:09:27 ### epoch : 27 ###
06:09:29 (train) class loss : 1.6886 domain loss : 0.0000 train time: 2.22s
06:09:32 (eval) test accuracy: 4.01% eval time: 2.20s 
06:09:32 ### epoch : 28 ###
06:09:34 (train) class loss : 1.6495 domain loss : 0.0000 train time: 2.26s
06:09:36 (eval) test accuracy: 3.05% eval time: 2.22s 
06:09:36 ### epoch : 29 ###
06:09:38 (train) class loss : 1.7124 domain loss : 0.0000 train time: 2.29s
06:09:41 (eval) test accuracy: 3.62% eval time: 2.20s 
06:09:41 ### epoch : 30 ###
06:09:43 (train) class loss : 1.6237 domain loss : 0.0000 train time: 2.23s
06:09:45 (eval) test accuracy: 3.16% eval time: 2.22s 
06:09:45 ### epoch : 31 ###
06:09:47 (train) class loss : 1.6168 domain loss : 0.0000 train time: 2.27s
06:09:50 (eval) test accuracy: 3.16% eval time: 2.21s 
06:09:50 ### epoch : 32 ###
06:09:52 (train) class loss : 1.5652 domain loss : 0.0000 train time: 2.22s
06:09:54 (eval) test accuracy: 3.12% eval time: 2.20s 
06:09:54 ### epoch : 33 ###
06:09:56 (train) class loss : 1.5999 domain loss : 0.0000 train time: 2.23s
06:09:58 (eval) test accuracy: 3.30% eval time: 2.17s 
06:09:58 ### epoch : 34 ###
06:10:01 (train) class loss : 1.6056 domain loss : 0.0000 train time: 2.23s
06:10:03 (eval) test accuracy: 3.62% eval time: 2.22s 
06:10:03 ### epoch : 35 ###
06:10:05 (train) class loss : 1.5889 domain loss : 0.0000 train time: 2.27s
06:10:07 (eval) test accuracy: 3.55% eval time: 2.19s 
06:10:07 ### epoch : 36 ###
06:10:10 (train) class loss : 1.6034 domain loss : 0.0000 train time: 2.21s
06:10:12 (eval) test accuracy: 3.27% eval time: 2.25s 
06:10:12 ### epoch : 37 ###
06:10:14 (train) class loss : 1.6321 domain loss : 0.0000 train time: 2.24s
06:10:16 (eval) test accuracy: 3.44% eval time: 2.18s 
06:10:16 ### epoch : 38 ###
06:10:18 (train) class loss : 1.5248 domain loss : 0.0000 train time: 2.21s
06:10:21 (eval) test accuracy: 4.54% eval time: 2.20s 
06:10:21 ### epoch : 39 ###
06:10:23 (train) class loss : 1.5449 domain loss : 0.0000 train time: 2.25s
06:10:25 (eval) test accuracy: 3.30% eval time: 2.21s 
06:10:25 ### epoch : 40 ###
06:10:27 (train) class loss : 1.5438 domain loss : 0.0000 train time: 2.26s
06:10:30 (eval) test accuracy: 3.41% eval time: 2.22s 
06:10:30 ### epoch : 41 ###
06:10:32 (train) class loss : 1.5181 domain loss : 0.0000 train time: 2.24s
06:10:34 (eval) test accuracy: 4.44% eval time: 2.22s 
06:10:34 ### epoch : 42 ###
06:10:36 (train) class loss : 1.5148 domain loss : 0.0000 train time: 2.25s
06:10:38 (eval) test accuracy: 3.76% eval time: 2.23s 
06:10:38 ### epoch : 43 ###
06:10:41 (train) class loss : 1.5214 domain loss : 0.0000 train time: 2.28s
06:10:43 (eval) test accuracy: 3.73% eval time: 2.20s 
06:10:43 ### epoch : 44 ###
06:10:45 (train) class loss : 1.5142 domain loss : 0.0000 train time: 2.25s
06:10:47 (eval) test accuracy: 3.27% eval time: 2.18s 
06:10:47 ### epoch : 45 ###
06:10:50 (train) class loss : 1.5049 domain loss : 0.0000 train time: 2.23s
06:10:52 (eval) test accuracy: 2.98% eval time: 2.20s 
06:10:52 ### epoch : 46 ###
06:10:54 (train) class loss : 1.5278 domain loss : 0.0000 train time: 2.20s
06:10:56 (eval) test accuracy: 3.80% eval time: 2.19s 
06:10:56 ### epoch : 47 ###
06:10:58 (train) class loss : 1.4640 domain loss : 0.0000 train time: 2.22s
06:11:01 (eval) test accuracy: 4.05% eval time: 2.26s 
06:11:01 ### epoch : 48 ###
06:11:03 (train) class loss : 1.5011 domain loss : 0.0000 train time: 2.24s
06:11:05 (eval) test accuracy: 3.05% eval time: 2.18s 
06:11:05 ### epoch : 49 ###
06:11:07 (train) class loss : 1.5084 domain loss : 0.0000 train time: 2.27s
06:11:10 (eval) test accuracy: 3.30% eval time: 2.21s 
06:11:10 ### epoch : 50 ###
06:11:12 (train) class loss : 1.4312 domain loss : 0.0000 train time: 2.27s
06:11:14 (eval) test accuracy: 3.05% eval time: 2.22s 
06:11:14 ### epoch : 51 ###
06:11:16 (train) class loss : 1.4408 domain loss : 0.0000 train time: 2.22s
06:11:18 (eval) test accuracy: 3.51% eval time: 2.16s 
06:11:18 ### epoch : 52 ###
06:11:21 (train) class loss : 1.4180 domain loss : 0.0000 train time: 2.24s
06:11:23 (eval) test accuracy: 3.23% eval time: 2.22s 
06:11:23 ### epoch : 53 ###
06:11:25 (train) class loss : 1.4438 domain loss : 0.0000 train time: 2.27s
06:11:27 (eval) test accuracy: 3.44% eval time: 2.20s 
06:11:27 ### epoch : 54 ###
06:11:30 (train) class loss : 1.4335 domain loss : 0.0000 train time: 2.26s
06:11:32 (eval) test accuracy: 3.27% eval time: 2.21s 
06:11:32 ### epoch : 55 ###
06:11:34 (train) class loss : 1.4276 domain loss : 0.0000 train time: 2.27s
06:11:36 (eval) test accuracy: 4.19% eval time: 2.20s 
06:11:36 ### epoch : 56 ###
06:11:39 (train) class loss : 1.4340 domain loss : 0.0000 train time: 2.23s
06:11:41 (eval) test accuracy: 2.95% eval time: 2.24s 
06:11:41 ### epoch : 57 ###
06:11:43 (train) class loss : 1.4346 domain loss : 0.0000 train time: 2.17s
06:11:45 (eval) test accuracy: 3.44% eval time: 2.24s 
06:11:45 ### epoch : 58 ###
06:11:48 (train) class loss : 1.4144 domain loss : 0.0000 train time: 2.27s
06:11:50 (eval) test accuracy: 3.19% eval time: 2.24s 
06:11:50 ### epoch : 59 ###
06:11:52 (train) class loss : 1.4466 domain loss : 0.0000 train time: 2.23s
06:11:54 (eval) test accuracy: 3.59% eval time: 2.23s 
06:11:54 ### epoch : 60 ###
06:11:56 (train) class loss : 1.3770 domain loss : 0.0000 train time: 2.18s
06:11:59 (eval) test accuracy: 3.90% eval time: 2.21s 
06:11:59 ### epoch : 61 ###
06:12:01 (train) class loss : 1.3875 domain loss : 0.0000 train time: 2.30s
06:12:03 (eval) test accuracy: 3.27% eval time: 2.21s 
06:12:03 ### epoch : 62 ###
06:12:05 (train) class loss : 1.4145 domain loss : 0.0000 train time: 2.16s
06:12:07 (eval) test accuracy: 3.51% eval time: 2.20s 
06:12:07 ### epoch : 63 ###
06:12:10 (train) class loss : 1.4481 domain loss : 0.0000 train time: 2.24s
06:12:12 (eval) test accuracy: 4.26% eval time: 2.22s 
06:12:12 ### epoch : 64 ###
06:12:14 (train) class loss : 1.4249 domain loss : 0.0000 train time: 2.22s
06:12:16 (eval) test accuracy: 3.48% eval time: 2.18s 
06:12:16 ### epoch : 65 ###
06:12:19 (train) class loss : 1.4104 domain loss : 0.0000 train time: 2.23s
06:12:21 (eval) test accuracy: 4.22% eval time: 2.22s 
06:12:21 ### epoch : 66 ###
06:12:23 (train) class loss : 1.3925 domain loss : 0.0000 train time: 2.26s
06:12:25 (eval) test accuracy: 3.12% eval time: 2.27s 
06:12:25 ### epoch : 67 ###
06:12:28 (train) class loss : 1.4433 domain loss : 0.0000 train time: 2.25s
06:12:30 (eval) test accuracy: 3.16% eval time: 2.24s 
06:12:30 ### epoch : 68 ###
06:12:32 (train) class loss : 1.4159 domain loss : 0.0000 train time: 2.21s
06:12:34 (eval) test accuracy: 3.73% eval time: 2.17s 
06:12:34 ### epoch : 69 ###
06:12:36 (train) class loss : 1.3316 domain loss : 0.0000 train time: 2.26s
06:12:39 (eval) test accuracy: 3.34% eval time: 2.23s 
06:12:39 ### epoch : 70 ###
06:12:41 (train) class loss : 1.3786 domain loss : 0.0000 train time: 2.28s
06:12:43 (eval) test accuracy: 3.90% eval time: 2.19s 
06:12:43 ### epoch : 71 ###
06:12:45 (train) class loss : 1.3466 domain loss : 0.0000 train time: 2.19s
06:12:48 (eval) test accuracy: 3.55% eval time: 2.19s 
06:12:48 ### epoch : 72 ###
06:12:50 (train) class loss : 1.3610 domain loss : 0.0000 train time: 2.22s
06:12:52 (eval) test accuracy: 3.48% eval time: 2.21s 
06:12:52 ### epoch : 73 ###
06:12:54 (train) class loss : 1.3628 domain loss : 0.0000 train time: 2.24s
06:12:56 (eval) test accuracy: 3.90% eval time: 2.20s 
06:12:56 ### epoch : 74 ###
06:12:59 (train) class loss : 1.4354 domain loss : 0.0000 train time: 2.28s
06:13:01 (eval) test accuracy: 3.51% eval time: 2.21s 
06:13:01 ### epoch : 75 ###
06:13:03 (train) class loss : 1.4677 domain loss : 0.0000 train time: 2.21s
06:13:05 (eval) test accuracy: 3.23% eval time: 2.17s 
06:13:05 ### epoch : 76 ###
06:13:08 (train) class loss : 1.4158 domain loss : 0.0000 train time: 2.25s
06:13:10 (eval) test accuracy: 3.44% eval time: 2.20s 
06:13:10 ### epoch : 77 ###
06:13:12 (train) class loss : 1.4459 domain loss : 0.0000 train time: 2.24s
06:13:14 (eval) test accuracy: 3.51% eval time: 2.19s 
06:13:14 ### epoch : 78 ###
06:13:16 (train) class loss : 1.4322 domain loss : 0.0000 train time: 2.24s
06:13:19 (eval) test accuracy: 3.76% eval time: 2.24s 
06:13:19 ### epoch : 79 ###
06:13:21 (train) class loss : 1.3901 domain loss : 0.0000 train time: 2.16s
06:13:23 (eval) test accuracy: 3.30% eval time: 2.19s 
06:13:23 ### epoch : 80 ###
06:13:25 (train) class loss : 1.3988 domain loss : 0.0000 train time: 2.19s
06:13:27 (eval) test accuracy: 3.34% eval time: 2.21s 
06:13:27 ### epoch : 81 ###
06:13:30 (train) class loss : 1.3581 domain loss : 0.0000 train time: 2.22s
06:13:32 (eval) test accuracy: 3.37% eval time: 2.19s 
06:13:32 ### epoch : 82 ###
06:13:34 (train) class loss : 1.3325 domain loss : 0.0000 train time: 2.27s
06:13:36 (eval) test accuracy: 3.62% eval time: 2.18s 
06:13:36 ### epoch : 83 ###
06:13:39 (train) class loss : 1.3495 domain loss : 0.0000 train time: 2.24s
06:13:41 (eval) test accuracy: 3.98% eval time: 2.23s 
06:13:41 ### epoch : 84 ###
06:13:43 (train) class loss : 1.3290 domain loss : 0.0000 train time: 2.20s
06:13:45 (eval) test accuracy: 3.83% eval time: 2.20s 
06:13:45 ### epoch : 85 ###
06:13:47 (train) class loss : 1.3574 domain loss : 0.0000 train time: 2.28s
06:13:50 (eval) test accuracy: 3.37% eval time: 2.21s 
06:13:50 ### epoch : 86 ###
06:13:52 (train) class loss : 1.3090 domain loss : 0.0000 train time: 2.23s
06:13:54 (eval) test accuracy: 3.48% eval time: 2.25s 
06:13:54 ### epoch : 87 ###
06:13:56 (train) class loss : 1.3838 domain loss : 0.0000 train time: 2.27s
06:13:59 (eval) test accuracy: 4.76% eval time: 2.22s 
06:13:59 ### epoch : 88 ###
06:14:01 (train) class loss : 1.4202 domain loss : 0.0000 train time: 2.22s
06:14:03 (eval) test accuracy: 4.22% eval time: 2.18s 
06:14:03 ### epoch : 89 ###
06:14:05 (train) class loss : 1.4413 domain loss : 0.0000 train time: 2.21s
06:14:07 (eval) test accuracy: 3.02% eval time: 2.18s 
06:14:07 ### epoch : 90 ###
06:14:10 (train) class loss : 1.3122 domain loss : 0.0000 train time: 2.25s
06:14:12 (eval) test accuracy: 3.44% eval time: 2.22s 
06:14:12 ### epoch : 91 ###
06:14:14 (train) class loss : 1.3122 domain loss : 0.0000 train time: 2.21s
06:14:16 (eval) test accuracy: 3.80% eval time: 2.22s 
06:14:16 ### epoch : 92 ###
06:14:19 (train) class loss : 1.3515 domain loss : 0.0000 train time: 2.24s
06:14:21 (eval) test accuracy: 3.12% eval time: 2.18s 
06:14:21 ### epoch : 93 ###
06:14:23 (train) class loss : 1.3358 domain loss : 0.0000 train time: 2.26s
06:14:25 (eval) test accuracy: 4.44% eval time: 2.22s 
06:14:25 ### epoch : 94 ###
06:14:27 (train) class loss : 1.3525 domain loss : 0.0000 train time: 2.20s
06:14:30 (eval) test accuracy: 3.44% eval time: 2.23s 
06:14:30 ### epoch : 95 ###
06:14:32 (train) class loss : 1.3846 domain loss : 0.0000 train time: 2.28s
06:14:34 (eval) test accuracy: 3.73% eval time: 2.20s 
06:14:34 ### epoch : 96 ###
06:14:36 (train) class loss : 1.3219 domain loss : 0.0000 train time: 2.18s
06:14:39 (eval) test accuracy: 3.51% eval time: 2.23s 
06:14:39 ### epoch : 97 ###
06:14:41 (train) class loss : 1.3516 domain loss : 0.0000 train time: 2.21s
06:14:43 (eval) test accuracy: 4.58% eval time: 2.20s 
06:14:43 ### epoch : 98 ###
06:14:45 (train) class loss : 1.2900 domain loss : 0.0000 train time: 2.22s
06:14:47 (eval) test accuracy: 3.69% eval time: 2.20s 
06:14:47 ### epoch : 99 ###
06:14:50 (train) class loss : 1.3091 domain loss : 0.0000 train time: 2.23s
06:14:52 (eval) test accuracy: 3.44% eval time: 2.20s 
06:14:52 ### epoch : 100 ###
06:14:54 (train) class loss : 1.2882 domain loss : 0.0000 train time: 2.27s
06:14:56 (eval) test accuracy: 4.44% eval time: 2.17s 
06:14:56 ### epoch : 101 ###
06:14:58 (train) class loss : 1.3176 domain loss : 0.0000 train time: 2.23s
06:15:01 (eval) test accuracy: 3.83% eval time: 2.23s 
06:15:01 ### epoch : 102 ###
06:15:03 (train) class loss : 1.3126 domain loss : 0.0000 train time: 2.25s
06:15:05 (eval) test accuracy: 3.55% eval time: 2.26s 
06:15:05 ### epoch : 103 ###
06:15:07 (train) class loss : 1.2685 domain loss : 0.0000 train time: 2.26s
06:15:10 (eval) test accuracy: 3.27% eval time: 2.27s 
06:15:10 ### epoch : 104 ###
06:15:12 (train) class loss : 1.2836 domain loss : 0.0000 train time: 2.27s
06:15:14 (eval) test accuracy: 3.62% eval time: 2.18s 
06:15:14 ### epoch : 105 ###
06:15:16 (train) class loss : 1.3178 domain loss : 0.0000 train time: 2.21s
06:15:19 (eval) test accuracy: 4.12% eval time: 2.20s 
06:15:19 ### epoch : 106 ###
06:15:21 (train) class loss : 1.3735 domain loss : 0.0000 train time: 2.20s
06:15:23 (eval) test accuracy: 3.73% eval time: 2.20s 
06:15:23 ### epoch : 107 ###
06:15:25 (train) class loss : 1.3747 domain loss : 0.0000 train time: 2.18s
06:15:27 (eval) test accuracy: 4.37% eval time: 2.18s 
06:15:27 ### epoch : 108 ###
06:15:30 (train) class loss : 1.3415 domain loss : 0.0000 train time: 2.27s
06:15:32 (eval) test accuracy: 3.55% eval time: 2.22s 
06:15:32 ### epoch : 109 ###
06:15:34 (train) class loss : 1.4008 domain loss : 0.0000 train time: 2.24s
06:15:36 (eval) test accuracy: 3.30% eval time: 2.22s 
06:15:36 ### epoch : 110 ###
06:15:39 (train) class loss : 1.3270 domain loss : 0.0000 train time: 2.28s
06:15:41 (eval) test accuracy: 3.51% eval time: 2.19s 
06:15:41 ### epoch : 111 ###
06:15:43 (train) class loss : 1.3186 domain loss : 0.0000 train time: 2.27s
06:15:45 (eval) test accuracy: 3.80% eval time: 2.19s 
06:15:45 ### epoch : 112 ###
06:15:47 (train) class loss : 1.3507 domain loss : 0.0000 train time: 2.22s
06:15:50 (eval) test accuracy: 3.66% eval time: 2.21s 
06:15:50 ### epoch : 113 ###
06:15:52 (train) class loss : 1.3022 domain loss : 0.0000 train time: 2.28s
06:15:54 (eval) test accuracy: 3.55% eval time: 2.24s 
06:15:54 ### epoch : 114 ###
06:15:56 (train) class loss : 1.2804 domain loss : 0.0000 train time: 2.21s
06:15:59 (eval) test accuracy: 3.34% eval time: 2.22s 
06:15:59 ### epoch : 115 ###
06:16:01 (train) class loss : 1.3118 domain loss : 0.0000 train time: 2.20s
06:16:03 (eval) test accuracy: 4.30% eval time: 2.24s 
06:16:03 ### epoch : 116 ###
06:16:05 (train) class loss : 1.3321 domain loss : 0.0000 train time: 2.21s
06:16:07 (eval) test accuracy: 3.51% eval time: 2.22s 
06:16:07 ### epoch : 117 ###
06:16:10 (train) class loss : 1.3078 domain loss : 0.0000 train time: 2.25s
06:16:12 (eval) test accuracy: 3.87% eval time: 2.25s 
06:16:12 ### epoch : 118 ###
06:16:14 (train) class loss : 1.2856 domain loss : 0.0000 train time: 2.23s
06:16:16 (eval) test accuracy: 3.55% eval time: 2.22s 
06:16:16 ### epoch : 119 ###
06:16:19 (train) class loss : 1.3059 domain loss : 0.0000 train time: 2.25s
06:16:21 (eval) test accuracy: 3.90% eval time: 2.18s 
06:16:21 ### epoch : 120 ###
06:16:23 (train) class loss : 1.3121 domain loss : 0.0000 train time: 2.24s
06:16:25 (eval) test accuracy: 3.76% eval time: 2.22s 
06:16:25 ### epoch : 121 ###
06:16:28 (train) class loss : 1.3504 domain loss : 0.0000 train time: 2.20s
06:16:30 (eval) test accuracy: 3.16% eval time: 2.20s 
06:16:30 ### epoch : 122 ###
06:16:32 (train) class loss : 1.2787 domain loss : 0.0000 train time: 2.22s
06:16:34 (eval) test accuracy: 3.62% eval time: 2.17s 
06:16:34 ### epoch : 123 ###
06:16:36 (train) class loss : 1.3618 domain loss : 0.0000 train time: 2.27s
06:16:39 (eval) test accuracy: 3.76% eval time: 2.22s 
06:16:39 ### epoch : 124 ###
06:16:41 (train) class loss : 1.3168 domain loss : 0.0000 train time: 2.22s
06:16:43 (eval) test accuracy: 4.54% eval time: 2.17s 
06:16:43 ### epoch : 125 ###
06:16:45 (train) class loss : 1.2860 domain loss : 0.0000 train time: 2.29s
06:16:48 (eval) test accuracy: 4.26% eval time: 2.23s 
06:16:48 ### epoch : 126 ###
06:16:50 (train) class loss : 1.2945 domain loss : 0.0000 train time: 2.26s
06:16:52 (eval) test accuracy: 3.62% eval time: 2.23s 
06:16:52 ### epoch : 127 ###
06:16:54 (train) class loss : 1.3310 domain loss : 0.0000 train time: 2.26s
06:16:57 (eval) test accuracy: 3.66% eval time: 2.24s 
06:16:57 ### epoch : 128 ###
06:16:59 (train) class loss : 1.3468 domain loss : 0.0000 train time: 2.29s
06:17:01 (eval) test accuracy: 4.47% eval time: 2.23s 
06:17:01 ### epoch : 129 ###
06:17:03 (train) class loss : 1.2786 domain loss : 0.0000 train time: 2.23s
06:17:05 (eval) test accuracy: 3.55% eval time: 2.22s 
06:17:05 ### epoch : 130 ###
06:17:08 (train) class loss : 1.2778 domain loss : 0.0000 train time: 2.19s
06:17:10 (eval) test accuracy: 3.80% eval time: 2.19s 
06:17:10 ### epoch : 131 ###
06:17:12 (train) class loss : 1.2470 domain loss : 0.0000 train time: 2.24s
06:17:14 (eval) test accuracy: 4.08% eval time: 2.19s 
06:17:14 ### epoch : 132 ###
06:17:17 (train) class loss : 1.3175 domain loss : 0.0000 train time: 2.25s
06:17:19 (eval) test accuracy: 3.73% eval time: 2.23s 
06:17:19 ### epoch : 133 ###
06:17:21 (train) class loss : 1.3719 domain loss : 0.0000 train time: 2.23s
06:17:23 (eval) test accuracy: 3.55% eval time: 2.24s 
06:17:23 ### epoch : 134 ###
06:17:26 (train) class loss : 1.3287 domain loss : 0.0000 train time: 2.26s
06:17:28 (eval) test accuracy: 3.62% eval time: 2.19s 
06:17:28 ### epoch : 135 ###
06:17:30 (train) class loss : 1.2521 domain loss : 0.0000 train time: 2.28s
06:17:32 (eval) test accuracy: 3.94% eval time: 2.21s 
06:17:32 ### epoch : 136 ###
06:17:34 (train) class loss : 1.3292 domain loss : 0.0000 train time: 2.25s
06:17:37 (eval) test accuracy: 3.62% eval time: 2.21s 
06:17:37 ### epoch : 137 ###
06:17:39 (train) class loss : 1.3179 domain loss : 0.0000 train time: 2.22s
06:17:41 (eval) test accuracy: 4.33% eval time: 2.16s 
06:17:41 ### epoch : 138 ###
06:17:43 (train) class loss : 1.3720 domain loss : 0.0000 train time: 2.28s
06:17:46 (eval) test accuracy: 4.72% eval time: 2.19s 
06:17:46 ### epoch : 139 ###
06:17:48 (train) class loss : 1.3493 domain loss : 0.0000 train time: 2.18s
06:17:50 (eval) test accuracy: 4.61% eval time: 2.21s 
06:17:50 ### epoch : 140 ###
06:17:52 (train) class loss : 1.3274 domain loss : 0.0000 train time: 2.26s
06:17:54 (eval) test accuracy: 4.19% eval time: 2.21s 
06:17:54 ### epoch : 141 ###
06:17:57 (train) class loss : 1.3047 domain loss : 0.0000 train time: 2.21s
06:17:59 (eval) test accuracy: 3.59% eval time: 2.23s 
06:17:59 ### epoch : 142 ###
06:18:01 (train) class loss : 1.2718 domain loss : 0.0000 train time: 2.24s
06:18:03 (eval) test accuracy: 3.76% eval time: 2.21s 
06:18:03 ### epoch : 143 ###
06:18:06 (train) class loss : 1.2776 domain loss : 0.0000 train time: 2.26s
06:18:08 (eval) test accuracy: 4.08% eval time: 2.22s 
06:18:08 ### epoch : 144 ###
06:18:10 (train) class loss : 1.3025 domain loss : 0.0000 train time: 2.27s
06:18:12 (eval) test accuracy: 3.73% eval time: 2.27s 
06:18:12 ### epoch : 145 ###
06:18:15 (train) class loss : 1.2876 domain loss : 0.0000 train time: 2.28s
06:18:17 (eval) test accuracy: 4.01% eval time: 2.19s 
06:18:17 ### epoch : 146 ###
06:18:19 (train) class loss : 1.2422 domain loss : 0.0000 train time: 2.25s
06:18:21 (eval) test accuracy: 3.83% eval time: 2.21s 
06:18:21 ### epoch : 147 ###
06:18:23 (train) class loss : 1.2912 domain loss : 0.0000 train time: 2.17s
06:18:26 (eval) test accuracy: 3.83% eval time: 2.22s 
06:18:26 ### epoch : 148 ###
06:18:28 (train) class loss : 1.2546 domain loss : 0.0000 train time: 2.24s
06:18:30 (eval) test accuracy: 3.34% eval time: 2.23s 
06:18:30 ### epoch : 149 ###
06:18:32 (train) class loss : 1.2724 domain loss : 0.0000 train time: 2.26s
06:18:35 (eval) test accuracy: 3.51% eval time: 2.22s 
06:18:35 ### epoch : 150 ###
06:18:37 (train) class loss : 1.2693 domain loss : 0.0000 train time: 2.26s
06:18:39 (eval) test accuracy: 3.51% eval time: 2.18s 
06:18:39 ### epoch : 151 ###
06:18:41 (train) class loss : 1.2608 domain loss : 0.0000 train time: 2.22s
06:18:43 (eval) test accuracy: 3.48% eval time: 2.19s 
06:18:43 ### epoch : 152 ###
06:18:46 (train) class loss : 1.2469 domain loss : 0.0000 train time: 2.21s
06:18:48 (eval) test accuracy: 3.37% eval time: 2.26s 
06:18:48 ### epoch : 153 ###
06:18:50 (train) class loss : 1.2710 domain loss : 0.0000 train time: 2.31s
06:18:52 (eval) test accuracy: 4.51% eval time: 2.18s 
06:18:52 ### epoch : 154 ###
06:18:55 (train) class loss : 1.2513 domain loss : 0.0000 train time: 2.23s
06:18:57 (eval) test accuracy: 3.62% eval time: 2.21s 
06:18:57 ### epoch : 155 ###
06:18:59 (train) class loss : 1.2302 domain loss : 0.0000 train time: 2.20s
06:19:01 (eval) test accuracy: 3.94% eval time: 2.21s 
06:19:01 ### epoch : 156 ###
06:19:03 (train) class loss : 1.2845 domain loss : 0.0000 train time: 2.20s
06:19:06 (eval) test accuracy: 3.48% eval time: 2.20s 
06:19:06 ### epoch : 157 ###
06:19:08 (train) class loss : 1.2893 domain loss : 0.0000 train time: 2.28s
06:19:10 (eval) test accuracy: 3.37% eval time: 2.23s 
06:19:10 ### epoch : 158 ###
06:19:12 (train) class loss : 1.2374 domain loss : 0.0000 train time: 2.26s
06:19:15 (eval) test accuracy: 3.55% eval time: 2.19s 
06:19:15 ### epoch : 159 ###
06:19:17 (train) class loss : 1.2702 domain loss : 0.0000 train time: 2.26s
06:19:19 (eval) test accuracy: 3.62% eval time: 2.21s 
06:19:19 ### epoch : 160 ###
06:19:21 (train) class loss : 1.2250 domain loss : 0.0000 train time: 2.26s
06:19:24 (eval) test accuracy: 3.44% eval time: 2.24s 
06:19:24 ### epoch : 161 ###
06:19:26 (train) class loss : 1.2779 domain loss : 0.0000 train time: 2.23s
06:19:28 (eval) test accuracy: 3.69% eval time: 2.23s 
06:19:28 ### epoch : 162 ###
06:19:30 (train) class loss : 1.2702 domain loss : 0.0000 train time: 2.23s
06:19:32 (eval) test accuracy: 3.51% eval time: 2.19s 
06:19:32 ### epoch : 163 ###
06:19:35 (train) class loss : 1.2920 domain loss : 0.0000 train time: 2.27s
06:19:37 (eval) test accuracy: 3.80% eval time: 2.19s 
06:19:37 ### epoch : 164 ###
06:19:39 (train) class loss : 1.2629 domain loss : 0.0000 train time: 2.21s
06:19:41 (eval) test accuracy: 3.55% eval time: 2.22s 
06:19:41 ### epoch : 165 ###
06:19:44 (train) class loss : 1.2437 domain loss : 0.0000 train time: 2.19s
06:19:46 (eval) test accuracy: 3.37% eval time: 2.18s 
06:19:46 ### epoch : 166 ###
06:19:48 (train) class loss : 1.2181 domain loss : 0.0000 train time: 2.26s
06:19:50 (eval) test accuracy: 3.59% eval time: 2.24s 
06:19:50 ### epoch : 167 ###
06:19:52 (train) class loss : 1.3145 domain loss : 0.0000 train time: 2.26s
06:19:55 (eval) test accuracy: 3.30% eval time: 2.22s 
06:19:55 ### epoch : 168 ###
06:19:57 (train) class loss : 1.2821 domain loss : 0.0000 train time: 2.30s
06:19:59 (eval) test accuracy: 3.48% eval time: 2.22s 
06:19:59 ### epoch : 169 ###
06:20:01 (train) class loss : 1.2436 domain loss : 0.0000 train time: 2.24s
06:20:04 (eval) test accuracy: 3.55% eval time: 2.19s 
06:20:04 ### epoch : 170 ###
06:20:06 (train) class loss : 1.2525 domain loss : 0.0000 train time: 2.25s
06:20:08 (eval) test accuracy: 4.33% eval time: 2.19s 
06:20:08 ### epoch : 171 ###
06:20:10 (train) class loss : 1.2317 domain loss : 0.0000 train time: 2.22s
06:20:13 (eval) test accuracy: 4.97% eval time: 2.20s 
06:20:13 ### epoch : 172 ###
06:20:15 (train) class loss : 1.2578 domain loss : 0.0000 train time: 2.22s
06:20:17 (eval) test accuracy: 4.15% eval time: 2.19s 
06:20:17 ### epoch : 173 ###
06:20:19 (train) class loss : 1.3052 domain loss : 0.0000 train time: 2.22s
06:20:21 (eval) test accuracy: 3.34% eval time: 2.21s 
06:20:21 ### epoch : 174 ###
06:20:24 (train) class loss : 1.2676 domain loss : 0.0000 train time: 2.26s
06:20:26 (eval) test accuracy: 3.51% eval time: 2.23s 
06:20:26 ### epoch : 175 ###
06:20:28 (train) class loss : 1.2810 domain loss : 0.0000 train time: 2.23s
06:20:30 (eval) test accuracy: 3.98% eval time: 2.19s 
06:20:30 ### epoch : 176 ###
06:20:32 (train) class loss : 1.2403 domain loss : 0.0000 train time: 2.21s
06:20:35 (eval) test accuracy: 3.80% eval time: 2.20s 
06:20:35 ### epoch : 177 ###
06:20:37 (train) class loss : 1.2716 domain loss : 0.0000 train time: 2.22s
06:20:39 (eval) test accuracy: 3.48% eval time: 2.20s 
06:20:39 ### epoch : 178 ###
06:20:41 (train) class loss : 1.2536 domain loss : 0.0000 train time: 2.26s
06:20:44 (eval) test accuracy: 3.98% eval time: 2.24s 
06:20:44 ### epoch : 179 ###
06:20:46 (train) class loss : 1.2989 domain loss : 0.0000 train time: 2.22s
06:20:48 (eval) test accuracy: 3.62% eval time: 2.24s 
06:20:48 ### epoch : 180 ###
06:20:50 (train) class loss : 1.2146 domain loss : 0.0000 train time: 2.29s
06:20:53 (eval) test accuracy: 3.48% eval time: 2.24s 
06:20:53 ### epoch : 181 ###
06:20:55 (train) class loss : 1.2704 domain loss : 0.0000 train time: 2.23s
06:20:57 (eval) test accuracy: 3.73% eval time: 2.18s 
06:20:57 ### epoch : 182 ###
06:20:59 (train) class loss : 1.2664 domain loss : 0.0000 train time: 2.29s
06:21:02 (eval) test accuracy: 4.76% eval time: 2.25s 
06:21:02 ### epoch : 183 ###
06:21:04 (train) class loss : 1.3216 domain loss : 0.0000 train time: 2.23s
06:21:06 (eval) test accuracy: 3.59% eval time: 2.23s 
06:21:06 ### epoch : 184 ###
06:21:08 (train) class loss : 1.2727 domain loss : 0.0000 train time: 2.26s
06:21:10 (eval) test accuracy: 3.37% eval time: 2.20s 
06:21:10 ### epoch : 185 ###
06:21:13 (train) class loss : 1.2529 domain loss : 0.0000 train time: 2.23s
06:21:15 (eval) test accuracy: 3.73% eval time: 2.19s 
06:21:15 ### epoch : 186 ###
06:21:17 (train) class loss : 1.2480 domain loss : 0.0000 train time: 2.30s
06:21:19 (eval) test accuracy: 3.51% eval time: 2.19s 
06:21:19 ### epoch : 187 ###
06:21:22 (train) class loss : 1.2579 domain loss : 0.0000 train time: 2.28s
06:21:24 (eval) test accuracy: 3.44% eval time: 2.18s 
06:21:24 ### epoch : 188 ###
06:21:26 (train) class loss : 1.2160 domain loss : 0.0000 train time: 2.27s
06:21:28 (eval) test accuracy: 4.12% eval time: 2.22s 
06:21:28 ### epoch : 189 ###
06:21:31 (train) class loss : 1.2370 domain loss : 0.0000 train time: 2.27s
06:21:33 (eval) test accuracy: 4.22% eval time: 2.22s 
06:21:33 ### epoch : 190 ###
06:21:35 (train) class loss : 1.2153 domain loss : 0.0000 train time: 2.23s
06:21:37 (eval) test accuracy: 3.76% eval time: 2.23s 
06:21:37 ### epoch : 191 ###
06:21:40 (train) class loss : 1.2854 domain loss : 0.0000 train time: 2.25s
06:21:42 (eval) test accuracy: 3.62% eval time: 2.20s 
06:21:42 ### epoch : 192 ###
06:21:44 (train) class loss : 1.2210 domain loss : 0.0000 train time: 2.27s
06:21:46 (eval) test accuracy: 4.01% eval time: 2.21s 
06:21:46 ### epoch : 193 ###
06:21:48 (train) class loss : 1.2773 domain loss : 0.0000 train time: 2.21s
06:21:51 (eval) test accuracy: 4.12% eval time: 2.17s 
06:21:51 ### epoch : 194 ###
06:21:53 (train) class loss : 1.2978 domain loss : 0.0000 train time: 2.28s
06:21:55 (eval) test accuracy: 3.30% eval time: 2.21s 
06:21:55 ### epoch : 195 ###
06:21:57 (train) class loss : 1.2450 domain loss : 0.0000 train time: 2.28s
06:22:00 (eval) test accuracy: 3.34% eval time: 2.25s 
06:22:00 ### epoch : 196 ###
06:22:02 (train) class loss : 1.2370 domain loss : 0.0000 train time: 2.35s
06:22:04 (eval) test accuracy: 3.30% eval time: 2.26s 
06:22:04 ### epoch : 197 ###
06:22:06 (train) class loss : 1.2627 domain loss : 0.0000 train time: 2.22s
06:22:09 (eval) test accuracy: 3.44% eval time: 2.21s 
06:22:09 ### epoch : 198 ###
06:22:11 (train) class loss : 1.2229 domain loss : 0.0000 train time: 2.27s
06:22:13 (eval) test accuracy: 3.34% eval time: 2.22s 
06:22:13 ### epoch : 199 ###
06:22:15 (train) class loss : 1.2119 domain loss : 0.0000 train time: 2.24s
06:22:18 (eval) test accuracy: 3.44% eval time: 2.25s 
