09:30:18 ############### experiments setting ###############
09:30:18 {'db_path': '../Dataset', 'baseline_path': 'AD_Baseline', 'source': 'dslr', 'target': 'webcam', 'workers': 4, 'gpu': '0', 'epochs': 200, 'batch_size': 64, 'lr': 0.001, 'l2_decay': 0.01, 'momentum': 0.9, 'nesterov': False}
09:30:18 ###################################################
09:30:20 ### epoch : 0 ###
09:30:23 (train) class loss : 3.5359 domain loss : 0.0000 train time: 2.99s
09:30:24 (eval) test accuracy: 3.90% eval time: 1.13s 
09:30:24 ### epoch : 1 ###
09:30:27 (train) class loss : 3.3573 domain loss : 0.0000 train time: 2.56s
09:30:28 (eval) test accuracy: 3.90% eval time: 1.13s 
09:30:28 ### epoch : 2 ###
09:30:31 (train) class loss : 3.2671 domain loss : 0.0000 train time: 2.63s
09:30:32 (eval) test accuracy: 3.77% eval time: 1.19s 
09:30:32 ### epoch : 3 ###
09:30:35 (train) class loss : 3.1866 domain loss : 0.0000 train time: 2.82s
09:30:36 (eval) test accuracy: 3.77% eval time: 1.25s 
09:30:36 ### epoch : 4 ###
09:30:39 (train) class loss : 3.1170 domain loss : 0.0000 train time: 2.76s
09:30:40 (eval) test accuracy: 3.77% eval time: 1.27s 
09:30:40 ### epoch : 5 ###
09:30:43 (train) class loss : 3.0560 domain loss : 0.0000 train time: 2.67s
09:30:44 (eval) test accuracy: 3.77% eval time: 1.19s 
09:30:44 ### epoch : 6 ###
09:30:47 (train) class loss : 2.9977 domain loss : 0.0000 train time: 2.78s
09:30:48 (eval) test accuracy: 3.77% eval time: 1.14s 
09:30:48 ### epoch : 7 ###
09:30:50 (train) class loss : 2.9486 domain loss : 0.0000 train time: 2.70s
09:30:51 (eval) test accuracy: 4.03% eval time: 1.12s 
09:30:51 ### epoch : 8 ###
09:30:54 (train) class loss : 2.8793 domain loss : 0.0000 train time: 2.86s
09:30:56 (eval) test accuracy: 3.90% eval time: 1.17s 
09:30:56 ### epoch : 9 ###
09:30:58 (train) class loss : 2.8486 domain loss : 0.0000 train time: 2.89s
09:31:00 (eval) test accuracy: 4.03% eval time: 1.23s 
09:31:00 ### epoch : 10 ###
09:31:02 (train) class loss : 2.8056 domain loss : 0.0000 train time: 2.60s
09:31:04 (eval) test accuracy: 5.16% eval time: 1.34s 
09:31:04 ### epoch : 11 ###
09:31:06 (train) class loss : 2.7550 domain loss : 0.0000 train time: 2.84s
09:31:08 (eval) test accuracy: 4.15% eval time: 1.15s 
09:31:08 ### epoch : 12 ###
09:31:10 (train) class loss : 2.7048 domain loss : 0.0000 train time: 2.65s
09:31:11 (eval) test accuracy: 4.40% eval time: 1.12s 
09:31:11 ### epoch : 13 ###
09:31:14 (train) class loss : 2.6713 domain loss : 0.0000 train time: 2.54s
09:31:15 (eval) test accuracy: 4.91% eval time: 1.11s 
09:31:15 ### epoch : 14 ###
09:31:18 (train) class loss : 2.6415 domain loss : 0.0000 train time: 2.65s
09:31:19 (eval) test accuracy: 5.03% eval time: 1.13s 
09:31:19 ### epoch : 15 ###
09:31:21 (train) class loss : 2.6138 domain loss : 0.0000 train time: 2.68s
09:31:23 (eval) test accuracy: 6.67% eval time: 1.12s 
09:31:23 ### epoch : 16 ###
09:31:25 (train) class loss : 2.5665 domain loss : 0.0000 train time: 2.53s
09:31:26 (eval) test accuracy: 6.79% eval time: 1.21s 
09:31:26 ### epoch : 17 ###
09:31:29 (train) class loss : 2.5517 domain loss : 0.0000 train time: 2.62s
09:31:30 (eval) test accuracy: 6.16% eval time: 1.10s 
09:31:30 ### epoch : 18 ###
09:31:33 (train) class loss : 2.5063 domain loss : 0.0000 train time: 2.53s
09:31:34 (eval) test accuracy: 6.29% eval time: 1.13s 
09:31:34 ### epoch : 19 ###
09:31:36 (train) class loss : 2.5097 domain loss : 0.0000 train time: 2.58s
09:31:37 (eval) test accuracy: 6.79% eval time: 1.15s 
09:31:37 ### epoch : 20 ###
09:31:40 (train) class loss : 2.4825 domain loss : 0.0000 train time: 2.58s
09:31:41 (eval) test accuracy: 7.67% eval time: 1.13s 
09:31:41 ### epoch : 21 ###
09:31:44 (train) class loss : 2.4516 domain loss : 0.0000 train time: 2.84s
09:31:45 (eval) test accuracy: 8.05% eval time: 1.23s 
09:31:45 ### epoch : 22 ###
09:31:48 (train) class loss : 2.4590 domain loss : 0.0000 train time: 2.54s
09:31:49 (eval) test accuracy: 7.67% eval time: 1.12s 
09:31:49 ### epoch : 23 ###
09:31:52 (train) class loss : 2.3837 domain loss : 0.0000 train time: 2.69s
09:31:53 (eval) test accuracy: 8.43% eval time: 1.11s 
09:31:53 ### epoch : 24 ###
09:31:55 (train) class loss : 2.3808 domain loss : 0.0000 train time: 2.72s
09:31:56 (eval) test accuracy: 8.93% eval time: 1.10s 
09:31:56 ### epoch : 25 ###
09:31:59 (train) class loss : 2.3648 domain loss : 0.0000 train time: 2.54s
09:32:00 (eval) test accuracy: 8.68% eval time: 1.10s 
09:32:00 ### epoch : 26 ###
09:32:03 (train) class loss : 2.3445 domain loss : 0.0000 train time: 2.67s
09:32:04 (eval) test accuracy: 8.43% eval time: 1.17s 
09:32:04 ### epoch : 27 ###
09:32:07 (train) class loss : 2.3250 domain loss : 0.0000 train time: 2.80s
09:32:08 (eval) test accuracy: 8.18% eval time: 1.14s 
09:32:08 ### epoch : 28 ###
09:32:11 (train) class loss : 2.2949 domain loss : 0.0000 train time: 2.73s
09:32:12 (eval) test accuracy: 10.57% eval time: 1.23s 
09:32:12 ### epoch : 29 ###
09:32:15 (train) class loss : 2.3151 domain loss : 0.0000 train time: 2.90s
09:32:16 (eval) test accuracy: 10.19% eval time: 1.42s 
09:32:16 ### epoch : 30 ###
09:32:19 (train) class loss : 2.2875 domain loss : 0.0000 train time: 2.59s
09:32:20 (eval) test accuracy: 9.81% eval time: 1.13s 
09:32:20 ### epoch : 31 ###
09:32:23 (train) class loss : 2.2530 domain loss : 0.0000 train time: 2.59s
09:32:24 (eval) test accuracy: 9.94% eval time: 1.12s 
09:32:24 ### epoch : 32 ###
09:32:26 (train) class loss : 2.2552 domain loss : 0.0000 train time: 2.58s
09:32:27 (eval) test accuracy: 9.69% eval time: 1.22s 
09:32:27 ### epoch : 33 ###
09:32:30 (train) class loss : 2.2451 domain loss : 0.0000 train time: 2.61s
09:32:31 (eval) test accuracy: 7.92% eval time: 1.10s 
09:32:31 ### epoch : 34 ###
09:32:34 (train) class loss : 2.1833 domain loss : 0.0000 train time: 2.60s
09:32:35 (eval) test accuracy: 7.30% eval time: 1.12s 
09:32:35 ### epoch : 35 ###
09:32:37 (train) class loss : 2.2147 domain loss : 0.0000 train time: 2.57s
09:32:39 (eval) test accuracy: 6.79% eval time: 1.14s 
09:32:39 ### epoch : 36 ###
09:32:41 (train) class loss : 2.1924 domain loss : 0.0000 train time: 2.73s
09:32:43 (eval) test accuracy: 6.79% eval time: 1.24s 
09:32:43 ### epoch : 37 ###
09:32:45 (train) class loss : 2.1876 domain loss : 0.0000 train time: 2.75s
09:32:46 (eval) test accuracy: 7.55% eval time: 1.19s 
09:32:46 ### epoch : 38 ###
09:32:49 (train) class loss : 2.1944 domain loss : 0.0000 train time: 2.57s
09:32:50 (eval) test accuracy: 9.06% eval time: 1.18s 
09:32:50 ### epoch : 39 ###
09:32:53 (train) class loss : 2.1502 domain loss : 0.0000 train time: 2.56s
09:32:54 (eval) test accuracy: 10.57% eval time: 1.22s 
09:32:54 ### epoch : 40 ###
09:32:57 (train) class loss : 2.1299 domain loss : 0.0000 train time: 2.60s
09:32:58 (eval) test accuracy: 7.42% eval time: 1.12s 
09:32:58 ### epoch : 41 ###
09:33:00 (train) class loss : 2.1178 domain loss : 0.0000 train time: 2.54s
09:33:01 (eval) test accuracy: 6.67% eval time: 1.10s 
09:33:01 ### epoch : 42 ###
09:33:04 (train) class loss : 2.0935 domain loss : 0.0000 train time: 2.54s
09:33:05 (eval) test accuracy: 8.05% eval time: 1.11s 
09:33:05 ### epoch : 43 ###
09:33:08 (train) class loss : 2.0933 domain loss : 0.0000 train time: 2.56s
09:33:09 (eval) test accuracy: 5.79% eval time: 1.15s 
09:33:09 ### epoch : 44 ###
09:33:11 (train) class loss : 2.0748 domain loss : 0.0000 train time: 2.61s
09:33:12 (eval) test accuracy: 7.67% eval time: 1.15s 
09:33:12 ### epoch : 45 ###
09:33:15 (train) class loss : 2.0809 domain loss : 0.0000 train time: 2.61s
09:33:16 (eval) test accuracy: 8.18% eval time: 1.11s 
09:33:16 ### epoch : 46 ###
09:33:19 (train) class loss : 2.0762 domain loss : 0.0000 train time: 2.75s
09:33:20 (eval) test accuracy: 5.79% eval time: 1.15s 
09:33:20 ### epoch : 47 ###
09:33:23 (train) class loss : 2.0443 domain loss : 0.0000 train time: 2.62s
09:33:24 (eval) test accuracy: 7.17% eval time: 1.19s 
09:33:24 ### epoch : 48 ###
09:33:27 (train) class loss : 1.9984 domain loss : 0.0000 train time: 2.57s
09:33:28 (eval) test accuracy: 6.42% eval time: 1.12s 
09:33:28 ### epoch : 49 ###
09:33:30 (train) class loss : 2.0093 domain loss : 0.0000 train time: 2.54s
09:33:31 (eval) test accuracy: 7.04% eval time: 1.12s 
09:33:31 ### epoch : 50 ###
09:33:34 (train) class loss : 2.0125 domain loss : 0.0000 train time: 2.53s
09:33:35 (eval) test accuracy: 6.54% eval time: 1.11s 
09:33:35 ### epoch : 51 ###
09:33:38 (train) class loss : 2.0161 domain loss : 0.0000 train time: 2.70s
09:33:39 (eval) test accuracy: 7.17% eval time: 1.15s 
09:33:39 ### epoch : 52 ###
09:33:41 (train) class loss : 2.0022 domain loss : 0.0000 train time: 2.71s
09:33:43 (eval) test accuracy: 6.04% eval time: 1.18s 
09:33:43 ### epoch : 53 ###
09:33:45 (train) class loss : 1.9851 domain loss : 0.0000 train time: 2.57s
09:33:46 (eval) test accuracy: 7.17% eval time: 1.13s 
09:33:46 ### epoch : 54 ###
09:33:49 (train) class loss : 1.9750 domain loss : 0.0000 train time: 2.68s
09:33:50 (eval) test accuracy: 7.55% eval time: 1.19s 
09:33:50 ### epoch : 55 ###
09:33:53 (train) class loss : 1.9629 domain loss : 0.0000 train time: 2.82s
09:33:54 (eval) test accuracy: 7.67% eval time: 1.12s 
09:33:54 ### epoch : 56 ###
09:33:57 (train) class loss : 1.9586 domain loss : 0.0000 train time: 2.60s
09:33:58 (eval) test accuracy: 6.16% eval time: 1.15s 
09:33:58 ### epoch : 57 ###
09:34:01 (train) class loss : 1.9029 domain loss : 0.0000 train time: 2.64s
09:34:02 (eval) test accuracy: 5.79% eval time: 1.12s 
09:34:02 ### epoch : 58 ###
09:34:04 (train) class loss : 1.9727 domain loss : 0.0000 train time: 2.65s
09:34:05 (eval) test accuracy: 6.42% eval time: 1.12s 
09:34:05 ### epoch : 59 ###
09:34:08 (train) class loss : 1.9147 domain loss : 0.0000 train time: 2.56s
09:34:09 (eval) test accuracy: 6.54% eval time: 1.10s 
09:34:09 ### epoch : 60 ###
09:34:12 (train) class loss : 1.9186 domain loss : 0.0000 train time: 2.56s
09:34:13 (eval) test accuracy: 6.92% eval time: 1.18s 
09:34:13 ### epoch : 61 ###
09:34:16 (train) class loss : 1.9208 domain loss : 0.0000 train time: 2.68s
09:34:17 (eval) test accuracy: 6.79% eval time: 1.13s 
09:34:17 ### epoch : 62 ###
09:34:20 (train) class loss : 1.8936 domain loss : 0.0000 train time: 2.91s
09:34:21 (eval) test accuracy: 8.18% eval time: 1.18s 
09:34:21 ### epoch : 63 ###
09:34:23 (train) class loss : 1.8633 domain loss : 0.0000 train time: 2.55s
09:34:24 (eval) test accuracy: 6.67% eval time: 1.11s 
09:34:24 ### epoch : 64 ###
09:34:27 (train) class loss : 1.8543 domain loss : 0.0000 train time: 2.59s
09:34:28 (eval) test accuracy: 7.67% eval time: 1.13s 
09:34:28 ### epoch : 65 ###
09:34:31 (train) class loss : 1.8384 domain loss : 0.0000 train time: 2.60s
09:34:32 (eval) test accuracy: 6.16% eval time: 1.17s 
09:34:32 ### epoch : 66 ###
09:34:34 (train) class loss : 1.8118 domain loss : 0.0000 train time: 2.55s
09:34:36 (eval) test accuracy: 7.42% eval time: 1.09s 
09:34:36 ### epoch : 67 ###
09:34:38 (train) class loss : 1.8040 domain loss : 0.0000 train time: 2.72s
09:34:39 (eval) test accuracy: 7.30% eval time: 1.11s 
09:34:39 ### epoch : 68 ###
09:34:42 (train) class loss : 1.7941 domain loss : 0.0000 train time: 2.66s
09:34:43 (eval) test accuracy: 7.04% eval time: 1.13s 
09:34:43 ### epoch : 69 ###
09:34:46 (train) class loss : 1.8166 domain loss : 0.0000 train time: 2.55s
09:34:47 (eval) test accuracy: 8.43% eval time: 1.13s 
09:34:47 ### epoch : 70 ###
