05:37:40 ############### experiments setting ###############
05:37:40 {'db_path': '../Dataset', 'baseline_path': 'AD_Baseline', 'source': 'amazon', 'target': 'dslr', 'workers': 4, 'gpu': '0', 'epochs': 200, 'batch_size': 64, 'lr': 0.001, 'l2_decay': 0.01, 'momentum': 0.9, 'nesterov': False}
05:37:40 ###################################################
05:37:42 ### epoch : 0 ###
05:37:45 (train) class loss : 3.4925 domain loss : 0.0000 train time: 2.88s
05:37:46 (eval) test accuracy: 2.41% eval time: 1.84s 
05:37:46 ### epoch : 1 ###
05:37:49 (train) class loss : 3.4911 domain loss : 0.0000 train time: 2.57s
05:37:51 (eval) test accuracy: 2.21% eval time: 1.85s 
05:37:51 ### epoch : 2 ###
05:37:53 (train) class loss : 3.3896 domain loss : 0.0000 train time: 2.51s
05:37:55 (eval) test accuracy: 2.61% eval time: 1.83s 
05:37:55 ### epoch : 3 ###
05:37:58 (train) class loss : 3.4043 domain loss : 0.0000 train time: 2.54s
05:38:00 (eval) test accuracy: 2.41% eval time: 1.84s 
05:38:00 ### epoch : 4 ###
05:38:02 (train) class loss : 3.4273 domain loss : 0.0000 train time: 2.52s
05:38:04 (eval) test accuracy: 2.81% eval time: 1.86s 
05:38:04 ### epoch : 5 ###
05:38:06 (train) class loss : 3.4326 domain loss : 0.0000 train time: 2.55s
05:38:08 (eval) test accuracy: 1.61% eval time: 1.83s 
05:38:08 ### epoch : 6 ###
05:38:11 (train) class loss : 3.3573 domain loss : 0.0000 train time: 2.51s
05:38:13 (eval) test accuracy: 1.00% eval time: 1.85s 
05:38:13 ### epoch : 7 ###
05:38:15 (train) class loss : 3.3425 domain loss : 0.0000 train time: 2.52s
05:38:17 (eval) test accuracy: 2.41% eval time: 1.82s 
05:38:17 ### epoch : 8 ###
05:38:20 (train) class loss : 3.3579 domain loss : 0.0000 train time: 2.53s
05:38:21 (eval) test accuracy: 2.81% eval time: 1.82s 
05:38:21 ### epoch : 9 ###
05:38:24 (train) class loss : 3.3411 domain loss : 0.0000 train time: 2.54s
05:38:26 (eval) test accuracy: 2.01% eval time: 1.84s 
05:38:26 ### epoch : 10 ###
05:38:28 (train) class loss : 3.3333 domain loss : 0.0000 train time: 2.55s
05:38:30 (eval) test accuracy: 2.61% eval time: 1.83s 
05:38:30 ### epoch : 11 ###
05:38:33 (train) class loss : 3.4015 domain loss : 0.0000 train time: 2.55s
05:38:35 (eval) test accuracy: 1.41% eval time: 1.84s 
05:38:35 ### epoch : 12 ###
05:38:37 (train) class loss : 3.3492 domain loss : 0.0000 train time: 2.50s
05:38:39 (eval) test accuracy: 0.60% eval time: 1.84s 
05:38:39 ### epoch : 13 ###
05:38:41 (train) class loss : 3.3344 domain loss : 0.0000 train time: 2.54s
05:38:43 (eval) test accuracy: 0.80% eval time: 1.85s 
05:38:43 ### epoch : 14 ###
05:38:46 (train) class loss : 3.3110 domain loss : 0.0000 train time: 2.56s
05:38:48 (eval) test accuracy: 0.60% eval time: 1.85s 
05:38:48 ### epoch : 15 ###
05:38:50 (train) class loss : 3.2420 domain loss : 0.0000 train time: 2.53s
05:38:52 (eval) test accuracy: 1.61% eval time: 1.83s 
05:38:52 ### epoch : 16 ###
05:38:55 (train) class loss : 3.2973 domain loss : 0.0000 train time: 2.53s
05:38:56 (eval) test accuracy: 1.61% eval time: 1.85s 
05:38:56 ### epoch : 17 ###
05:38:59 (train) class loss : 3.2881 domain loss : 0.0000 train time: 2.54s
05:39:01 (eval) test accuracy: 0.80% eval time: 1.85s 
05:39:01 ### epoch : 18 ###
05:39:03 (train) class loss : 3.2731 domain loss : 0.0000 train time: 2.53s
05:39:05 (eval) test accuracy: 1.81% eval time: 1.85s 
05:39:05 ### epoch : 19 ###
05:39:08 (train) class loss : 3.2340 domain loss : 0.0000 train time: 2.56s
05:39:10 (eval) test accuracy: 1.81% eval time: 1.85s 
05:39:10 ### epoch : 20 ###
05:39:12 (train) class loss : 3.2609 domain loss : 0.0000 train time: 2.52s
05:39:14 (eval) test accuracy: 2.41% eval time: 1.87s 
05:39:14 ### epoch : 21 ###
05:39:17 (train) class loss : 3.2310 domain loss : 0.0000 train time: 2.53s
05:39:18 (eval) test accuracy: 1.81% eval time: 1.84s 
05:39:18 ### epoch : 22 ###
05:39:21 (train) class loss : 3.2881 domain loss : 0.0000 train time: 2.52s
05:39:23 (eval) test accuracy: 1.20% eval time: 1.84s 
05:39:23 ### epoch : 23 ###
05:39:25 (train) class loss : 3.2233 domain loss : 0.0000 train time: 2.54s
05:39:27 (eval) test accuracy: 1.61% eval time: 1.86s 
05:39:27 ### epoch : 24 ###
05:39:30 (train) class loss : 3.2833 domain loss : 0.0000 train time: 2.60s
05:39:32 (eval) test accuracy: 1.81% eval time: 1.84s 
05:39:32 ### epoch : 25 ###
05:39:34 (train) class loss : 3.2439 domain loss : 0.0000 train time: 2.55s
05:39:36 (eval) test accuracy: 2.61% eval time: 1.87s 
05:39:36 ### epoch : 26 ###
05:39:39 (train) class loss : 3.2559 domain loss : 0.0000 train time: 2.55s
05:39:40 (eval) test accuracy: 3.41% eval time: 1.86s 
05:39:40 ### epoch : 27 ###
05:39:43 (train) class loss : 3.2242 domain loss : 0.0000 train time: 2.54s
05:39:45 (eval) test accuracy: 3.82% eval time: 1.84s 
05:39:45 ### epoch : 28 ###
05:39:47 (train) class loss : 3.2338 domain loss : 0.0000 train time: 2.52s
05:39:49 (eval) test accuracy: 3.21% eval time: 1.86s 
05:39:49 ### epoch : 29 ###
05:39:52 (train) class loss : 3.2470 domain loss : 0.0000 train time: 2.54s
05:39:54 (eval) test accuracy: 3.41% eval time: 1.87s 
05:39:54 ### epoch : 30 ###
05:39:56 (train) class loss : 3.2163 domain loss : 0.0000 train time: 2.50s
05:39:58 (eval) test accuracy: 2.61% eval time: 1.86s 
05:39:58 ### epoch : 31 ###
05:40:00 (train) class loss : 3.2337 domain loss : 0.0000 train time: 2.50s
05:40:02 (eval) test accuracy: 1.61% eval time: 1.82s 
05:40:02 ### epoch : 32 ###
05:40:05 (train) class loss : 3.2203 domain loss : 0.0000 train time: 2.54s
05:40:07 (eval) test accuracy: 0.80% eval time: 1.86s 
05:40:07 ### epoch : 33 ###
05:40:09 (train) class loss : 3.2298 domain loss : 0.0000 train time: 2.54s
05:40:11 (eval) test accuracy: 2.61% eval time: 1.84s 
05:40:11 ### epoch : 34 ###
05:40:14 (train) class loss : 3.3058 domain loss : 0.0000 train time: 2.52s
05:40:15 (eval) test accuracy: 1.81% eval time: 1.86s 
05:40:15 ### epoch : 35 ###
05:40:18 (train) class loss : 3.1832 domain loss : 0.0000 train time: 2.57s
05:40:20 (eval) test accuracy: 1.20% eval time: 1.86s 
05:40:20 ### epoch : 36 ###
05:40:22 (train) class loss : 3.2087 domain loss : 0.0000 train time: 2.56s
05:40:24 (eval) test accuracy: 0.80% eval time: 1.84s 
05:40:24 ### epoch : 37 ###
05:40:27 (train) class loss : 3.2607 domain loss : 0.0000 train time: 2.54s
05:40:29 (eval) test accuracy: 1.00% eval time: 1.85s 
05:40:29 ### epoch : 38 ###
05:40:31 (train) class loss : 3.2574 domain loss : 0.0000 train time: 2.54s
05:40:33 (eval) test accuracy: 1.00% eval time: 1.86s 
05:40:33 ### epoch : 39 ###
05:40:36 (train) class loss : 3.2317 domain loss : 0.0000 train time: 2.53s
05:40:37 (eval) test accuracy: 1.20% eval time: 1.84s 
05:40:37 ### epoch : 40 ###
05:40:40 (train) class loss : 3.2066 domain loss : 0.0000 train time: 2.54s
05:40:42 (eval) test accuracy: 2.01% eval time: 1.83s 
05:40:42 ### epoch : 41 ###
05:40:44 (train) class loss : 3.2221 domain loss : 0.0000 train time: 2.53s
05:40:46 (eval) test accuracy: 3.21% eval time: 1.83s 
05:40:46 ### epoch : 42 ###
05:40:49 (train) class loss : 3.2010 domain loss : 0.0000 train time: 2.51s
05:40:50 (eval) test accuracy: 3.41% eval time: 1.84s 
05:40:50 ### epoch : 43 ###
05:40:53 (train) class loss : 3.3129 domain loss : 0.0000 train time: 2.54s
05:40:55 (eval) test accuracy: 4.22% eval time: 1.87s 
05:40:55 ### epoch : 44 ###
05:40:57 (train) class loss : 3.2529 domain loss : 0.0000 train time: 2.54s
05:40:59 (eval) test accuracy: 2.61% eval time: 1.83s 
05:40:59 ### epoch : 45 ###
05:41:02 (train) class loss : 3.2405 domain loss : 0.0000 train time: 2.55s
05:41:04 (eval) test accuracy: 1.81% eval time: 1.84s 
05:41:04 ### epoch : 46 ###
05:41:06 (train) class loss : 3.2216 domain loss : 0.0000 train time: 2.52s
05:41:08 (eval) test accuracy: 1.81% eval time: 1.85s 
05:41:08 ### epoch : 47 ###
05:41:11 (train) class loss : 3.2217 domain loss : 0.0000 train time: 2.53s
05:41:12 (eval) test accuracy: 1.20% eval time: 1.83s 
05:41:12 ### epoch : 48 ###
05:41:15 (train) class loss : 3.2433 domain loss : 0.0000 train time: 2.53s
05:41:17 (eval) test accuracy: 1.41% eval time: 1.84s 
05:41:17 ### epoch : 49 ###
05:41:19 (train) class loss : 3.2245 domain loss : 0.0000 train time: 2.53s
05:41:21 (eval) test accuracy: 2.21% eval time: 1.84s 
05:41:21 ### epoch : 50 ###
05:41:24 (train) class loss : 3.1569 domain loss : 0.0000 train time: 2.53s
05:41:25 (eval) test accuracy: 3.01% eval time: 1.82s 
05:41:25 ### epoch : 51 ###
05:41:28 (train) class loss : 3.2224 domain loss : 0.0000 train time: 2.53s
05:41:30 (eval) test accuracy: 3.82% eval time: 1.84s 
05:41:30 ### epoch : 52 ###
05:41:32 (train) class loss : 3.1826 domain loss : 0.0000 train time: 2.52s
05:41:34 (eval) test accuracy: 3.82% eval time: 1.82s 
05:41:34 ### epoch : 53 ###
05:41:37 (train) class loss : 3.1557 domain loss : 0.0000 train time: 2.53s
05:41:39 (eval) test accuracy: 3.82% eval time: 1.85s 
05:41:39 ### epoch : 54 ###
05:41:41 (train) class loss : 3.1647 domain loss : 0.0000 train time: 2.56s
05:41:43 (eval) test accuracy: 3.61% eval time: 1.86s 
05:41:43 ### epoch : 55 ###
05:41:45 (train) class loss : 3.2229 domain loss : 0.0000 train time: 2.53s
05:41:47 (eval) test accuracy: 2.81% eval time: 1.84s 
05:41:47 ### epoch : 56 ###
05:41:50 (train) class loss : 3.1489 domain loss : 0.0000 train time: 2.53s
05:41:52 (eval) test accuracy: 2.21% eval time: 1.85s 
05:41:52 ### epoch : 57 ###
05:41:54 (train) class loss : 3.2028 domain loss : 0.0000 train time: 2.55s
05:41:56 (eval) test accuracy: 1.61% eval time: 1.85s 
05:41:56 ### epoch : 58 ###
05:41:59 (train) class loss : 3.1578 domain loss : 0.0000 train time: 2.52s
05:42:00 (eval) test accuracy: 1.81% eval time: 1.83s 
05:42:00 ### epoch : 59 ###
05:42:03 (train) class loss : 3.1641 domain loss : 0.0000 train time: 2.52s
05:42:05 (eval) test accuracy: 2.81% eval time: 1.83s 
05:42:05 ### epoch : 60 ###
05:42:07 (train) class loss : 3.1873 domain loss : 0.0000 train time: 2.60s
05:42:09 (eval) test accuracy: 3.01% eval time: 1.85s 
05:42:09 ### epoch : 61 ###
05:42:12 (train) class loss : 3.1718 domain loss : 0.0000 train time: 2.53s
05:42:14 (eval) test accuracy: 3.01% eval time: 1.85s 
05:42:14 ### epoch : 62 ###
05:42:16 (train) class loss : 3.2035 domain loss : 0.0000 train time: 2.51s
05:42:18 (eval) test accuracy: 3.61% eval time: 1.86s 
05:42:18 ### epoch : 63 ###
05:42:21 (train) class loss : 3.1276 domain loss : 0.0000 train time: 2.55s
05:42:22 (eval) test accuracy: 3.01% eval time: 1.84s 
05:42:22 ### epoch : 64 ###
05:42:25 (train) class loss : 3.1901 domain loss : 0.0000 train time: 2.53s
05:42:27 (eval) test accuracy: 3.61% eval time: 1.84s 
05:42:27 ### epoch : 65 ###
05:42:29 (train) class loss : 3.1387 domain loss : 0.0000 train time: 2.53s
05:42:31 (eval) test accuracy: 2.01% eval time: 1.83s 
05:42:31 ### epoch : 66 ###
05:42:34 (train) class loss : 3.2621 domain loss : 0.0000 train time: 2.52s
05:42:35 (eval) test accuracy: 1.61% eval time: 1.86s 
05:42:35 ### epoch : 67 ###
05:42:38 (train) class loss : 3.1734 domain loss : 0.0000 train time: 2.51s
05:42:40 (eval) test accuracy: 1.41% eval time: 1.85s 
05:42:40 ### epoch : 68 ###
05:42:42 (train) class loss : 3.1921 domain loss : 0.0000 train time: 2.53s
05:42:44 (eval) test accuracy: 1.20% eval time: 1.86s 
05:42:44 ### epoch : 69 ###
05:42:47 (train) class loss : 3.1504 domain loss : 0.0000 train time: 2.53s
05:42:49 (eval) test accuracy: 1.61% eval time: 1.83s 
05:42:49 ### epoch : 70 ###
05:42:51 (train) class loss : 3.1922 domain loss : 0.0000 train time: 2.52s
05:42:53 (eval) test accuracy: 2.01% eval time: 1.84s 
05:42:53 ### epoch : 71 ###
05:42:56 (train) class loss : 3.1777 domain loss : 0.0000 train time: 2.57s
05:42:57 (eval) test accuracy: 2.21% eval time: 1.86s 
05:42:57 ### epoch : 72 ###
05:43:00 (train) class loss : 3.1335 domain loss : 0.0000 train time: 2.55s
05:43:02 (eval) test accuracy: 2.21% eval time: 1.84s 
05:43:02 ### epoch : 73 ###
05:43:04 (train) class loss : 3.1623 domain loss : 0.0000 train time: 2.54s
05:43:06 (eval) test accuracy: 1.81% eval time: 1.84s 
05:43:06 ### epoch : 74 ###
05:43:09 (train) class loss : 3.1326 domain loss : 0.0000 train time: 2.53s
05:43:11 (eval) test accuracy: 2.61% eval time: 1.85s 
05:43:11 ### epoch : 75 ###
05:43:13 (train) class loss : 3.2289 domain loss : 0.0000 train time: 2.54s
05:43:15 (eval) test accuracy: 2.61% eval time: 1.83s 
05:43:15 ### epoch : 76 ###
05:43:17 (train) class loss : 3.0874 domain loss : 0.0000 train time: 2.55s
05:43:19 (eval) test accuracy: 1.61% eval time: 1.85s 
05:43:19 ### epoch : 77 ###
05:43:22 (train) class loss : 3.1737 domain loss : 0.0000 train time: 2.61s
05:43:24 (eval) test accuracy: 2.21% eval time: 1.82s 
05:43:24 ### epoch : 78 ###
05:43:26 (train) class loss : 3.1607 domain loss : 0.0000 train time: 2.54s
05:43:28 (eval) test accuracy: 2.41% eval time: 1.84s 
05:43:28 ### epoch : 79 ###
05:43:31 (train) class loss : 3.1972 domain loss : 0.0000 train time: 2.56s
05:43:33 (eval) test accuracy: 1.81% eval time: 1.85s 
05:43:33 ### epoch : 80 ###
05:43:35 (train) class loss : 3.1118 domain loss : 0.0000 train time: 2.53s
05:43:37 (eval) test accuracy: 1.41% eval time: 1.84s 
05:43:37 ### epoch : 81 ###
05:43:39 (train) class loss : 3.1112 domain loss : 0.0000 train time: 2.54s
05:43:41 (eval) test accuracy: 1.20% eval time: 1.83s 
05:43:41 ### epoch : 82 ###
05:43:44 (train) class loss : 3.1419 domain loss : 0.0000 train time: 2.55s
05:43:46 (eval) test accuracy: 1.81% eval time: 1.84s 
05:43:46 ### epoch : 83 ###
05:43:48 (train) class loss : 3.1449 domain loss : 0.0000 train time: 2.55s
05:43:50 (eval) test accuracy: 2.81% eval time: 1.85s 
05:43:50 ### epoch : 84 ###
05:43:53 (train) class loss : 3.1717 domain loss : 0.0000 train time: 2.52s
05:43:54 (eval) test accuracy: 2.81% eval time: 1.85s 
05:43:54 ### epoch : 85 ###
05:43:57 (train) class loss : 3.1050 domain loss : 0.0000 train time: 2.57s
05:43:59 (eval) test accuracy: 2.41% eval time: 1.85s 
05:43:59 ### epoch : 86 ###
05:44:01 (train) class loss : 3.1691 domain loss : 0.0000 train time: 2.57s
05:44:03 (eval) test accuracy: 2.21% eval time: 1.83s 
05:44:03 ### epoch : 87 ###
05:44:06 (train) class loss : 3.1752 domain loss : 0.0000 train time: 2.54s
05:44:08 (eval) test accuracy: 2.21% eval time: 1.85s 
05:44:08 ### epoch : 88 ###
05:44:10 (train) class loss : 3.1864 domain loss : 0.0000 train time: 2.55s
05:44:12 (eval) test accuracy: 2.21% eval time: 1.84s 
05:44:12 ### epoch : 89 ###
05:44:15 (train) class loss : 3.1113 domain loss : 0.0000 train time: 2.56s
05:44:17 (eval) test accuracy: 2.21% eval time: 1.85s 
05:44:17 ### epoch : 90 ###
05:44:19 (train) class loss : 3.1227 domain loss : 0.0000 train time: 2.55s
05:44:21 (eval) test accuracy: 2.61% eval time: 1.83s 
05:44:21 ### epoch : 91 ###
05:44:23 (train) class loss : 3.1482 domain loss : 0.0000 train time: 2.54s
05:44:25 (eval) test accuracy: 2.81% eval time: 1.85s 
05:44:25 ### epoch : 92 ###
05:44:28 (train) class loss : 3.0617 domain loss : 0.0000 train time: 2.53s
05:44:30 (eval) test accuracy: 2.61% eval time: 1.85s 
05:44:30 ### epoch : 93 ###
05:44:32 (train) class loss : 3.1626 domain loss : 0.0000 train time: 2.53s
05:44:34 (eval) test accuracy: 3.82% eval time: 1.82s 
05:44:34 ### epoch : 94 ###
05:44:37 (train) class loss : 3.1095 domain loss : 0.0000 train time: 2.55s
05:44:38 (eval) test accuracy: 2.41% eval time: 1.84s 
05:44:38 ### epoch : 95 ###
05:44:41 (train) class loss : 3.1271 domain loss : 0.0000 train time: 2.55s
05:44:43 (eval) test accuracy: 3.21% eval time: 1.86s 
05:44:43 ### epoch : 96 ###
05:44:45 (train) class loss : 3.1985 domain loss : 0.0000 train time: 2.52s
05:44:47 (eval) test accuracy: 2.81% eval time: 1.85s 
05:44:47 ### epoch : 97 ###
05:44:50 (train) class loss : 3.1753 domain loss : 0.0000 train time: 2.53s
05:44:52 (eval) test accuracy: 3.01% eval time: 1.87s 
05:44:52 ### epoch : 98 ###
05:44:54 (train) class loss : 3.1536 domain loss : 0.0000 train time: 2.55s
05:44:56 (eval) test accuracy: 2.61% eval time: 1.87s 
05:44:56 ### epoch : 99 ###
05:44:59 (train) class loss : 3.1590 domain loss : 0.0000 train time: 2.54s
05:45:00 (eval) test accuracy: 2.61% eval time: 1.85s 
05:45:00 ### epoch : 100 ###
05:45:03 (train) class loss : 3.1703 domain loss : 0.0000 train time: 2.52s
05:45:05 (eval) test accuracy: 2.61% eval time: 1.84s 
05:45:05 ### epoch : 101 ###
05:45:07 (train) class loss : 3.1501 domain loss : 0.0000 train time: 2.54s
05:45:09 (eval) test accuracy: 3.01% eval time: 1.84s 
05:45:09 ### epoch : 102 ###
05:45:12 (train) class loss : 3.1365 domain loss : 0.0000 train time: 2.53s
05:45:14 (eval) test accuracy: 3.01% eval time: 1.84s 
05:45:14 ### epoch : 103 ###
05:45:16 (train) class loss : 3.1552 domain loss : 0.0000 train time: 2.63s
05:45:18 (eval) test accuracy: 2.41% eval time: 1.84s 
05:45:18 ### epoch : 104 ###
05:45:21 (train) class loss : 3.1247 domain loss : 0.0000 train time: 2.54s
05:45:22 (eval) test accuracy: 2.81% eval time: 1.84s 
05:45:22 ### epoch : 105 ###
05:45:25 (train) class loss : 3.0839 domain loss : 0.0000 train time: 2.52s
05:45:27 (eval) test accuracy: 2.81% eval time: 1.83s 
05:45:27 ### epoch : 106 ###
05:45:29 (train) class loss : 3.1192 domain loss : 0.0000 train time: 2.51s
05:45:31 (eval) test accuracy: 2.81% eval time: 1.85s 
05:45:31 ### epoch : 107 ###
05:45:34 (train) class loss : 3.1481 domain loss : 0.0000 train time: 2.53s
05:45:35 (eval) test accuracy: 3.21% eval time: 1.85s 
05:45:35 ### epoch : 108 ###
05:45:38 (train) class loss : 3.1417 domain loss : 0.0000 train time: 2.56s
05:45:40 (eval) test accuracy: 3.01% eval time: 1.85s 
05:45:40 ### epoch : 109 ###
05:45:42 (train) class loss : 3.1148 domain loss : 0.0000 train time: 2.55s
05:45:44 (eval) test accuracy: 3.61% eval time: 1.84s 
05:45:44 ### epoch : 110 ###
05:45:47 (train) class loss : 3.1462 domain loss : 0.0000 train time: 2.55s
05:45:49 (eval) test accuracy: 3.82% eval time: 1.85s 
05:45:49 ### epoch : 111 ###
05:45:51 (train) class loss : 3.1404 domain loss : 0.0000 train time: 2.52s
05:45:53 (eval) test accuracy: 4.22% eval time: 1.86s 
05:45:53 ### epoch : 112 ###
05:45:56 (train) class loss : 3.1172 domain loss : 0.0000 train time: 2.53s
05:45:57 (eval) test accuracy: 4.02% eval time: 1.84s 
05:45:57 ### epoch : 113 ###
05:46:00 (train) class loss : 3.1372 domain loss : 0.0000 train time: 2.53s
05:46:02 (eval) test accuracy: 4.02% eval time: 1.88s 
05:46:02 ### epoch : 114 ###
05:46:04 (train) class loss : 3.1839 domain loss : 0.0000 train time: 2.54s
05:46:06 (eval) test accuracy: 3.61% eval time: 1.84s 
05:46:06 ### epoch : 115 ###
05:46:09 (train) class loss : 3.0845 domain loss : 0.0000 train time: 2.56s
05:46:11 (eval) test accuracy: 4.02% eval time: 1.83s 
05:46:11 ### epoch : 116 ###
05:46:13 (train) class loss : 3.1634 domain loss : 0.0000 train time: 2.53s
05:46:15 (eval) test accuracy: 3.82% eval time: 1.85s 
05:46:15 ### epoch : 117 ###
05:46:18 (train) class loss : 3.1416 domain loss : 0.0000 train time: 2.55s
05:46:19 (eval) test accuracy: 4.22% eval time: 1.84s 
05:46:19 ### epoch : 118 ###
05:46:22 (train) class loss : 3.1477 domain loss : 0.0000 train time: 2.54s
05:46:24 (eval) test accuracy: 4.22% eval time: 1.84s 
05:46:24 ### epoch : 119 ###
05:46:26 (train) class loss : 3.1105 domain loss : 0.0000 train time: 2.56s
05:46:28 (eval) test accuracy: 3.82% eval time: 1.83s 
05:46:28 ### epoch : 120 ###
05:46:31 (train) class loss : 3.1381 domain loss : 0.0000 train time: 2.56s
05:46:33 (eval) test accuracy: 3.41% eval time: 1.84s 
05:46:33 ### epoch : 121 ###
05:46:35 (train) class loss : 3.1251 domain loss : 0.0000 train time: 2.54s
05:46:37 (eval) test accuracy: 3.21% eval time: 1.86s 
05:46:37 ### epoch : 122 ###
05:46:39 (train) class loss : 3.1434 domain loss : 0.0000 train time: 2.55s
05:46:41 (eval) test accuracy: 3.82% eval time: 1.82s 
05:46:41 ### epoch : 123 ###
05:46:44 (train) class loss : 3.1304 domain loss : 0.0000 train time: 2.54s
05:46:46 (eval) test accuracy: 3.01% eval time: 1.82s 
05:46:46 ### epoch : 124 ###
05:46:48 (train) class loss : 3.1563 domain loss : 0.0000 train time: 2.53s
05:46:50 (eval) test accuracy: 3.21% eval time: 1.85s 
05:46:50 ### epoch : 125 ###
05:46:53 (train) class loss : 3.1023 domain loss : 0.0000 train time: 2.53s
05:46:54 (eval) test accuracy: 3.61% eval time: 1.84s 
05:46:54 ### epoch : 126 ###
05:46:57 (train) class loss : 3.1551 domain loss : 0.0000 train time: 2.52s
05:46:59 (eval) test accuracy: 3.21% eval time: 1.82s 
05:46:59 ### epoch : 127 ###
05:47:01 (train) class loss : 3.1464 domain loss : 0.0000 train time: 2.54s
05:47:03 (eval) test accuracy: 3.41% eval time: 1.85s 
05:47:03 ### epoch : 128 ###
05:47:06 (train) class loss : 3.1121 domain loss : 0.0000 train time: 2.55s
05:47:08 (eval) test accuracy: 3.21% eval time: 1.84s 
05:47:08 ### epoch : 129 ###
05:47:10 (train) class loss : 3.1337 domain loss : 0.0000 train time: 2.58s
05:47:12 (eval) test accuracy: 3.41% eval time: 1.82s 
05:47:12 ### epoch : 130 ###
05:47:15 (train) class loss : 3.1275 domain loss : 0.0000 train time: 2.56s
05:47:16 (eval) test accuracy: 3.61% eval time: 1.83s 
05:47:16 ### epoch : 131 ###
05:47:19 (train) class loss : 3.0897 domain loss : 0.0000 train time: 2.56s
05:47:21 (eval) test accuracy: 3.21% eval time: 1.85s 
05:47:21 ### epoch : 132 ###
05:47:23 (train) class loss : 3.1450 domain loss : 0.0000 train time: 2.52s
05:47:25 (eval) test accuracy: 3.41% eval time: 1.83s 
05:47:25 ### epoch : 133 ###
05:47:28 (train) class loss : 3.0832 domain loss : 0.0000 train time: 2.51s
05:47:29 (eval) test accuracy: 3.01% eval time: 1.84s 
05:47:29 ### epoch : 134 ###
05:47:32 (train) class loss : 3.1638 domain loss : 0.0000 train time: 2.56s
05:47:34 (eval) test accuracy: 2.81% eval time: 1.83s 
05:47:34 ### epoch : 135 ###
05:47:36 (train) class loss : 3.0894 domain loss : 0.0000 train time: 2.56s
05:47:38 (eval) test accuracy: 2.41% eval time: 1.84s 
05:47:38 ### epoch : 136 ###
05:47:41 (train) class loss : 3.1852 domain loss : 0.0000 train time: 2.55s
05:47:43 (eval) test accuracy: 3.61% eval time: 1.87s 
05:47:43 ### epoch : 137 ###
05:47:45 (train) class loss : 3.1187 domain loss : 0.0000 train time: 2.63s
05:47:47 (eval) test accuracy: 3.82% eval time: 1.84s 
05:47:47 ### epoch : 138 ###
05:47:50 (train) class loss : 3.1149 domain loss : 0.0000 train time: 2.54s
05:47:52 (eval) test accuracy: 3.41% eval time: 1.87s 
05:47:52 ### epoch : 139 ###
05:47:54 (train) class loss : 3.1544 domain loss : 0.0000 train time: 2.59s
05:47:56 (eval) test accuracy: 3.41% eval time: 1.83s 
05:47:56 ### epoch : 140 ###
05:47:59 (train) class loss : 3.0843 domain loss : 0.0000 train time: 2.56s
05:48:00 (eval) test accuracy: 3.21% eval time: 1.83s 
05:48:00 ### epoch : 141 ###
05:48:03 (train) class loss : 3.1764 domain loss : 0.0000 train time: 2.51s
05:48:05 (eval) test accuracy: 2.81% eval time: 1.85s 
05:48:05 ### epoch : 142 ###
05:48:07 (train) class loss : 3.1178 domain loss : 0.0000 train time: 2.53s
05:48:09 (eval) test accuracy: 3.01% eval time: 1.84s 
05:48:09 ### epoch : 143 ###
05:48:12 (train) class loss : 3.1274 domain loss : 0.0000 train time: 2.51s
05:48:13 (eval) test accuracy: 3.01% eval time: 1.81s 
05:48:13 ### epoch : 144 ###
05:48:16 (train) class loss : 3.1034 domain loss : 0.0000 train time: 2.56s
05:48:18 (eval) test accuracy: 2.41% eval time: 1.83s 
05:48:18 ### epoch : 145 ###
05:48:20 (train) class loss : 3.0981 domain loss : 0.0000 train time: 2.63s
05:48:22 (eval) test accuracy: 2.81% eval time: 1.83s 
05:48:22 ### epoch : 146 ###
05:48:25 (train) class loss : 3.1486 domain loss : 0.0000 train time: 2.51s
05:48:27 (eval) test accuracy: 3.01% eval time: 1.83s 
05:48:27 ### epoch : 147 ###
05:48:29 (train) class loss : 3.1570 domain loss : 0.0000 train time: 2.56s
05:48:31 (eval) test accuracy: 3.61% eval time: 1.87s 
05:48:31 ### epoch : 148 ###
05:48:34 (train) class loss : 3.1168 domain loss : 0.0000 train time: 2.57s
05:48:35 (eval) test accuracy: 3.82% eval time: 1.84s 
05:48:35 ### epoch : 149 ###
05:48:38 (train) class loss : 3.0184 domain loss : 0.0000 train time: 2.54s
05:48:40 (eval) test accuracy: 3.41% eval time: 1.85s 
05:48:40 ### epoch : 150 ###
05:48:42 (train) class loss : 3.0969 domain loss : 0.0000 train time: 2.54s
05:48:44 (eval) test accuracy: 3.21% eval time: 1.83s 
05:48:44 ### epoch : 151 ###
05:48:47 (train) class loss : 3.1128 domain loss : 0.0000 train time: 2.52s
05:48:49 (eval) test accuracy: 3.61% eval time: 1.82s 
05:48:49 ### epoch : 152 ###
05:48:51 (train) class loss : 3.1154 domain loss : 0.0000 train time: 2.60s
05:48:53 (eval) test accuracy: 4.02% eval time: 1.87s 
05:48:53 ### epoch : 153 ###
05:48:56 (train) class loss : 3.1204 domain loss : 0.0000 train time: 2.52s
05:48:57 (eval) test accuracy: 3.41% eval time: 1.84s 
05:48:57 ### epoch : 154 ###
05:49:00 (train) class loss : 3.1328 domain loss : 0.0000 train time: 2.56s
05:49:02 (eval) test accuracy: 3.61% eval time: 1.83s 
05:49:02 ### epoch : 155 ###
05:49:04 (train) class loss : 3.0975 domain loss : 0.0000 train time: 2.54s
05:49:06 (eval) test accuracy: 4.02% eval time: 1.83s 
05:49:06 ### epoch : 156 ###
05:49:09 (train) class loss : 3.1274 domain loss : 0.0000 train time: 2.55s
05:49:11 (eval) test accuracy: 4.02% eval time: 1.83s 
05:49:11 ### epoch : 157 ###
05:49:13 (train) class loss : 3.1344 domain loss : 0.0000 train time: 2.55s
05:49:15 (eval) test accuracy: 4.02% eval time: 1.84s 
05:49:15 ### epoch : 158 ###
05:49:17 (train) class loss : 3.0913 domain loss : 0.0000 train time: 2.51s
05:49:19 (eval) test accuracy: 4.02% eval time: 1.84s 
05:49:19 ### epoch : 159 ###
05:49:22 (train) class loss : 3.0833 domain loss : 0.0000 train time: 2.57s
05:49:24 (eval) test accuracy: 4.02% eval time: 1.86s 
05:49:24 ### epoch : 160 ###
05:49:26 (train) class loss : 3.0973 domain loss : 0.0000 train time: 2.52s
05:49:28 (eval) test accuracy: 3.82% eval time: 1.86s 
05:49:28 ### epoch : 161 ###
05:49:31 (train) class loss : 3.1805 domain loss : 0.0000 train time: 2.55s
05:49:33 (eval) test accuracy: 3.21% eval time: 1.87s 
05:49:33 ### epoch : 162 ###
05:49:35 (train) class loss : 3.1694 domain loss : 0.0000 train time: 2.55s
05:49:37 (eval) test accuracy: 3.21% eval time: 1.86s 
05:49:37 ### epoch : 163 ###
05:49:39 (train) class loss : 3.0976 domain loss : 0.0000 train time: 2.51s
05:49:41 (eval) test accuracy: 3.41% eval time: 1.87s 
05:49:41 ### epoch : 164 ###
05:49:44 (train) class loss : 3.0961 domain loss : 0.0000 train time: 2.51s
05:49:46 (eval) test accuracy: 4.02% eval time: 1.84s 
05:49:46 ### epoch : 165 ###
05:49:48 (train) class loss : 3.0666 domain loss : 0.0000 train time: 2.52s
05:49:50 (eval) test accuracy: 3.82% eval time: 1.84s 
05:49:50 ### epoch : 166 ###
05:49:53 (train) class loss : 3.0811 domain loss : 0.0000 train time: 2.60s
05:49:54 (eval) test accuracy: 3.41% eval time: 1.85s 
05:49:54 ### epoch : 167 ###
05:49:57 (train) class loss : 3.1497 domain loss : 0.0000 train time: 2.59s
05:49:59 (eval) test accuracy: 3.21% eval time: 1.83s 
05:49:59 ### epoch : 168 ###
05:50:01 (train) class loss : 3.1281 domain loss : 0.0000 train time: 2.52s
05:50:03 (eval) test accuracy: 2.61% eval time: 1.84s 
05:50:03 ### epoch : 169 ###
05:50:06 (train) class loss : 3.0674 domain loss : 0.0000 train time: 2.55s
05:50:08 (eval) test accuracy: 3.01% eval time: 1.82s 
05:50:08 ### epoch : 170 ###
05:50:10 (train) class loss : 3.1062 domain loss : 0.0000 train time: 2.54s
05:50:12 (eval) test accuracy: 3.21% eval time: 1.85s 
05:50:12 ### epoch : 171 ###
05:50:15 (train) class loss : 3.0709 domain loss : 0.0000 train time: 2.50s
05:50:16 (eval) test accuracy: 3.41% eval time: 1.83s 
05:50:16 ### epoch : 172 ###
05:50:19 (train) class loss : 3.1040 domain loss : 0.0000 train time: 2.53s
05:50:21 (eval) test accuracy: 4.22% eval time: 1.85s 
05:50:21 ### epoch : 173 ###
05:50:23 (train) class loss : 3.1320 domain loss : 0.0000 train time: 2.55s
05:50:25 (eval) test accuracy: 3.82% eval time: 1.84s 
05:50:25 ### epoch : 174 ###
05:50:28 (train) class loss : 3.1257 domain loss : 0.0000 train time: 2.55s
05:50:30 (eval) test accuracy: 4.22% eval time: 1.84s 
05:50:30 ### epoch : 175 ###
05:50:32 (train) class loss : 3.1507 domain loss : 0.0000 train time: 2.55s
05:50:34 (eval) test accuracy: 3.82% eval time: 1.83s 
05:50:34 ### epoch : 176 ###
05:50:36 (train) class loss : 3.0857 domain loss : 0.0000 train time: 2.55s
05:50:38 (eval) test accuracy: 4.02% eval time: 1.86s 
05:50:38 ### epoch : 177 ###
05:50:41 (train) class loss : 3.1391 domain loss : 0.0000 train time: 2.57s
05:50:43 (eval) test accuracy: 4.02% eval time: 1.85s 
05:50:43 ### epoch : 178 ###
05:50:45 (train) class loss : 3.0741 domain loss : 0.0000 train time: 2.55s
05:50:47 (eval) test accuracy: 4.22% eval time: 1.86s 
05:50:47 ### epoch : 179 ###
05:50:50 (train) class loss : 3.1473 domain loss : 0.0000 train time: 2.52s
05:50:52 (eval) test accuracy: 3.01% eval time: 1.86s 
05:50:52 ### epoch : 180 ###
05:50:54 (train) class loss : 3.1448 domain loss : 0.0000 train time: 2.55s
05:50:56 (eval) test accuracy: 3.61% eval time: 1.84s 
05:50:56 ### epoch : 181 ###
05:50:58 (train) class loss : 3.1166 domain loss : 0.0000 train time: 2.54s
05:51:00 (eval) test accuracy: 4.02% eval time: 1.85s 
05:51:00 ### epoch : 182 ###
05:51:03 (train) class loss : 3.0559 domain loss : 0.0000 train time: 2.53s
05:51:05 (eval) test accuracy: 4.22% eval time: 1.86s 
05:51:05 ### epoch : 183 ###
05:51:07 (train) class loss : 3.1145 domain loss : 0.0000 train time: 2.54s
05:51:09 (eval) test accuracy: 3.82% eval time: 1.86s 
05:51:09 ### epoch : 184 ###
05:51:12 (train) class loss : 3.0784 domain loss : 0.0000 train time: 2.56s
05:51:13 (eval) test accuracy: 3.61% eval time: 1.83s 
05:51:13 ### epoch : 185 ###
05:51:16 (train) class loss : 3.0662 domain loss : 0.0000 train time: 2.55s
05:51:18 (eval) test accuracy: 3.01% eval time: 1.84s 
05:51:18 ### epoch : 186 ###
05:51:20 (train) class loss : 3.1223 domain loss : 0.0000 train time: 2.55s
05:51:22 (eval) test accuracy: 2.61% eval time: 1.85s 
05:51:22 ### epoch : 187 ###
05:51:25 (train) class loss : 3.0769 domain loss : 0.0000 train time: 2.56s
05:51:27 (eval) test accuracy: 2.61% eval time: 1.86s 
05:51:27 ### epoch : 188 ###
05:51:29 (train) class loss : 3.0974 domain loss : 0.0000 train time: 2.53s
05:51:31 (eval) test accuracy: 3.01% eval time: 1.86s 
05:51:31 ### epoch : 189 ###
05:51:34 (train) class loss : 3.0914 domain loss : 0.0000 train time: 2.54s
05:51:35 (eval) test accuracy: 3.01% eval time: 1.85s 
05:51:35 ### epoch : 190 ###
05:51:38 (train) class loss : 3.0659 domain loss : 0.0000 train time: 2.55s
05:51:40 (eval) test accuracy: 3.41% eval time: 1.86s 
05:51:40 ### epoch : 191 ###
05:51:42 (train) class loss : 3.1386 domain loss : 0.0000 train time: 2.54s
05:51:44 (eval) test accuracy: 3.41% eval time: 1.83s 
05:51:44 ### epoch : 192 ###
05:51:47 (train) class loss : 3.0576 domain loss : 0.0000 train time: 2.53s
05:51:49 (eval) test accuracy: 3.21% eval time: 1.85s 
05:51:49 ### epoch : 193 ###
05:51:51 (train) class loss : 3.1010 domain loss : 0.0000 train time: 2.54s
05:51:53 (eval) test accuracy: 3.21% eval time: 1.83s 
05:51:53 ### epoch : 194 ###
05:51:56 (train) class loss : 3.0709 domain loss : 0.0000 train time: 2.53s
05:51:57 (eval) test accuracy: 3.01% eval time: 1.84s 
05:51:57 ### epoch : 195 ###
05:52:00 (train) class loss : 3.0357 domain loss : 0.0000 train time: 2.52s
05:52:02 (eval) test accuracy: 3.21% eval time: 1.86s 
05:52:02 ### epoch : 196 ###
05:52:04 (train) class loss : 3.0782 domain loss : 0.0000 train time: 2.58s
05:52:06 (eval) test accuracy: 3.41% eval time: 1.90s 
05:52:06 ### epoch : 197 ###
05:52:09 (train) class loss : 3.1006 domain loss : 0.0000 train time: 2.64s
05:52:11 (eval) test accuracy: 3.21% eval time: 1.86s 
05:52:11 ### epoch : 198 ###
05:52:13 (train) class loss : 3.0926 domain loss : 0.0000 train time: 2.54s
05:52:15 (eval) test accuracy: 3.01% eval time: 1.85s 
05:52:15 ### epoch : 199 ###
05:52:18 (train) class loss : 3.0489 domain loss : 0.0000 train time: 2.54s
05:52:20 (eval) test accuracy: 2.81% eval time: 1.86s 
